<?xml version="1.0" encoding="UTF-8"?>
<coverage generated="1530709507787" clover="3.2.0">
  <project timestamp="1530709507787" name="All files">
    <metrics statements="565" coveredstatements="524" conditionals="534" coveredconditionals="316" methods="242" coveredmethods="197" elements="1341" coveredelements="1037" complexity="0" loc="565" ncloc="565" packages="11" files="42" classes="42">
      <package name="lib.client">
        <metrics statements="21" coveredstatements="21" conditionals="8" coveredconditionals="7" methods="3" coveredmethods="3"/>
        <file name="app.js" path="D:\ReactMentoring\task_5\ReactMentoring\lib\client\app.js">
          <metrics statements="12" coveredstatements="12" conditionals="4" coveredconditionals="4" methods="2" coveredmethods="2"/>
          <line num="3" count="1" type="stmt"/>
          <line num="7" count="1" type="stmt"/>
          <line num="9" count="1" type="stmt"/>
          <line num="11" count="1" type="stmt"/>
          <line num="13" count="1" type="stmt"/>
          <line num="15" count="1" type="stmt"/>
          <line num="17" count="1" type="stmt"/>
          <line num="19" count="1" type="stmt"/>
          <line num="21" count="2" type="cond" truecount="4" falsecount="0"/>
          <line num="23" count="1" type="stmt"/>
          <line num="24" count="1" type="stmt"/>
          <line num="57" count="1" type="stmt"/>
        </file>
        <file name="routes.js" path="D:\ReactMentoring\task_5\ReactMentoring\lib\client\routes.js">
          <metrics statements="9" coveredstatements="9" conditionals="4" coveredconditionals="3" methods="1" coveredmethods="1"/>
          <line num="3" count="1" type="stmt"/>
          <line num="7" count="1" type="stmt"/>
          <line num="9" count="1" type="stmt"/>
          <line num="11" count="1" type="stmt"/>
          <line num="13" count="1" type="stmt"/>
          <line num="15" count="1" type="stmt"/>
          <line num="17" count="1" type="stmt"/>
          <line num="19" count="3" type="cond" truecount="3" falsecount="1"/>
          <line num="21" count="1" type="stmt"/>
        </file>
      </package>
      <package name="lib.client.actions">
        <metrics statements="47" coveredstatements="47" conditionals="4" coveredconditionals="3" methods="20" coveredmethods="20"/>
        <file name="index.js" path="D:\ReactMentoring\task_5\ReactMentoring\lib\client\actions\index.js">
          <metrics statements="47" coveredstatements="47" conditionals="4" coveredconditionals="3" methods="20" coveredmethods="20"/>
          <line num="3" count="12" type="stmt"/>
          <line num="6" count="12" type="stmt"/>
          <line num="7" count="12" type="stmt"/>
          <line num="8" count="12" type="stmt"/>
          <line num="9" count="12" type="stmt"/>
          <line num="10" count="12" type="stmt"/>
          <line num="11" count="12" type="stmt"/>
          <line num="12" count="12" type="stmt"/>
          <line num="13" count="12" type="stmt"/>
          <line num="15" count="12" type="stmt"/>
          <line num="26" count="12" type="stmt"/>
          <line num="27" count="2" type="stmt"/>
          <line num="32" count="12" type="stmt"/>
          <line num="33" count="1" type="stmt"/>
          <line num="39" count="12" type="stmt"/>
          <line num="40" count="2" type="stmt"/>
          <line num="46" count="12" type="stmt"/>
          <line num="47" count="2" type="stmt"/>
          <line num="53" count="12" type="stmt"/>
          <line num="54" count="1" type="stmt"/>
          <line num="60" count="12" type="stmt"/>
          <line num="61" count="1" type="stmt"/>
          <line num="67" count="12" type="stmt"/>
          <line num="68" count="1" type="stmt"/>
          <line num="74" count="12" type="stmt"/>
          <line num="75" count="2" type="stmt"/>
          <line num="81" count="12" type="stmt"/>
          <line num="82" count="1" type="cond" truecount="3" falsecount="1"/>
          <line num="83" count="1" type="stmt"/>
          <line num="84" count="1" type="stmt"/>
          <line num="85" count="1" type="stmt"/>
          <line num="86" count="1" type="stmt"/>
          <line num="87" count="1" type="stmt"/>
          <line num="89" count="1" type="stmt"/>
          <line num="94" count="12" type="stmt"/>
          <line num="95" count="2" type="stmt"/>
          <line num="96" count="1" type="stmt"/>
          <line num="97" count="1" type="stmt"/>
          <line num="98" count="1" type="stmt"/>
          <line num="100" count="1" type="stmt"/>
          <line num="105" count="12" type="stmt"/>
          <line num="106" count="2" type="stmt"/>
          <line num="107" count="1" type="stmt"/>
          <line num="108" count="1" type="stmt"/>
          <line num="109" count="1" type="stmt"/>
          <line num="110" count="1" type="stmt"/>
          <line num="112" count="1" type="stmt"/>
        </file>
      </package>
      <package name="lib.client.components">
        <metrics statements="271" coveredstatements="248" conditionals="377" coveredconditionals="217" methods="121" coveredmethods="103"/>
        <file name="EmptySearchResult.js" path="D:\ReactMentoring\task_5\ReactMentoring\lib\client\components\EmptySearchResult.js">
          <metrics statements="7" coveredstatements="7" conditionals="4" coveredconditionals="3" methods="2" coveredmethods="2"/>
          <line num="3" count="3" type="stmt"/>
          <line num="7" count="3" type="stmt"/>
          <line num="9" count="3" type="stmt"/>
          <line num="11" count="3" type="cond" truecount="3" falsecount="1"/>
          <line num="13" count="3" type="stmt"/>
          <line num="14" count="1" type="stmt"/>
          <line num="26" count="3" type="stmt"/>
        </file>
        <file name="ErrorBoundary.js" path="D:\ReactMentoring\task_5\ReactMentoring\lib\client\components\ErrorBoundary.js">
          <metrics statements="21" coveredstatements="19" conditionals="37" coveredconditionals="20" methods="11" coveredmethods="10"/>
          <line num="3" count="5" type="stmt"/>
          <line num="7" count="10" type="cond" truecount="5" falsecount="3"/>
          <line num="9" count="5" type="stmt"/>
          <line num="11" count="5" type="stmt"/>
          <line num="13" count="5" type="cond" truecount="3" falsecount="1"/>
          <line num="15" count="1" type="cond" truecount="1" falsecount="1"/>
          <line num="17" count="1" type="cond" truecount="3" falsecount="4"/>
          <line num="19" count="5" type="cond" truecount="6" falsecount="4"/>
          <line num="21" count="5" type="stmt"/>
          <line num="22" count="5" type="stmt"/>
          <line num="25" count="1" type="stmt"/>
          <line num="27" count="1" type="cond" truecount="1" falsecount="1"/>
          <line num="29" count="1" type="stmt"/>
          <line num="30" count="1" type="stmt"/>
          <line num="33" count="5" type="stmt"/>
          <line num="36" count="0" type="stmt"/>
          <line num="44" count="1" type="cond" truecount="1" falsecount="1"/>
          <line num="45" count="0" type="stmt"/>
          <line num="62" count="1" type="stmt"/>
          <line num="66" count="5" type="stmt"/>
          <line num="69" count="5" type="stmt"/>
        </file>
        <file name="Footer.js" path="D:\ReactMentoring\task_5\ReactMentoring\lib\client\components\Footer.js">
          <metrics statements="7" coveredstatements="7" conditionals="4" coveredconditionals="3" methods="2" coveredmethods="2"/>
          <line num="3" count="5" type="stmt"/>
          <line num="7" count="5" type="stmt"/>
          <line num="9" count="5" type="stmt"/>
          <line num="11" count="5" type="cond" truecount="3" falsecount="1"/>
          <line num="13" count="5" type="stmt"/>
          <line num="14" count="1" type="stmt"/>
          <line num="30" count="5" type="stmt"/>
        </file>
        <file name="Header.js" path="D:\ReactMentoring\task_5\ReactMentoring\lib\client\components\Header.js">
          <metrics statements="7" coveredstatements="7" conditionals="4" coveredconditionals="3" methods="2" coveredmethods="2"/>
          <line num="3" count="7" type="stmt"/>
          <line num="7" count="7" type="stmt"/>
          <line num="9" count="7" type="stmt"/>
          <line num="11" count="7" type="cond" truecount="3" falsecount="1"/>
          <line num="13" count="7" type="stmt"/>
          <line num="14" count="1" type="stmt"/>
          <line num="30" count="7" type="stmt"/>
        </file>
        <file name="Movie.js" path="D:\ReactMentoring\task_5\ReactMentoring\lib\client\components\Movie.js">
          <metrics statements="28" coveredstatements="25" conditionals="37" coveredconditionals="21" methods="12" coveredmethods="10"/>
          <line num="3" count="6" type="stmt"/>
          <line num="6" count="6" type="stmt"/>
          <line num="8" count="12" type="cond" truecount="5" falsecount="3"/>
          <line num="10" count="6" type="stmt"/>
          <line num="12" count="6" type="stmt"/>
          <line num="14" count="6" type="stmt"/>
          <line num="16" count="6" type="stmt"/>
          <line num="18" count="6" type="stmt"/>
          <line num="20" count="6" type="stmt"/>
          <line num="22" count="96" type="cond" truecount="5" falsecount="3"/>
          <line num="24" count="1" type="cond" truecount="1" falsecount="1"/>
          <line num="26" count="1" type="cond" truecount="3" falsecount="4"/>
          <line num="28" count="6" type="cond" truecount="6" falsecount="4"/>
          <line num="30" count="6" type="stmt"/>
          <line num="31" count="6" type="stmt"/>
          <line num="34" count="1" type="stmt"/>
          <line num="36" count="1" type="cond" truecount="1" falsecount="1"/>
          <line num="38" count="1" type="stmt"/>
          <line num="39" count="1" type="stmt"/>
          <line num="42" count="6" type="stmt"/>
          <line num="45" count="0" type="stmt"/>
          <line num="46" count="0" type="stmt"/>
          <line num="51" count="1" type="stmt"/>
          <line num="52" count="1" type="stmt"/>
          <line num="92" count="6" type="stmt"/>
          <line num="95" count="6" type="stmt"/>
          <line num="96" count="0" type="stmt"/>
          <line num="101" count="6" type="stmt"/>
        </file>
        <file name="MovieInfo.js" path="D:\ReactMentoring\task_5\ReactMentoring\lib\client\components\MovieInfo.js">
          <metrics statements="31" coveredstatements="30" conditionals="41" coveredconditionals="24" methods="12" coveredmethods="11"/>
          <line num="3" count="3" type="stmt"/>
          <line num="6" count="3" type="stmt"/>
          <line num="8" count="3" type="cond" truecount="5" falsecount="3"/>
          <line num="10" count="3" type="stmt"/>
          <line num="12" count="3" type="stmt"/>
          <line num="14" count="3" type="stmt"/>
          <line num="16" count="3" type="stmt"/>
          <line num="18" count="3" type="stmt"/>
          <line num="20" count="3" type="cond" truecount="3" falsecount="1"/>
          <line num="22" count="48" type="cond" truecount="5" falsecount="3"/>
          <line num="24" count="1" type="cond" truecount="1" falsecount="1"/>
          <line num="26" count="1" type="cond" truecount="3" falsecount="4"/>
          <line num="28" count="3" type="cond" truecount="6" falsecount="4"/>
          <line num="30" count="3" type="stmt"/>
          <line num="31" count="3" type="stmt"/>
          <line num="34" count="1" type="stmt"/>
          <line num="36" count="1" type="cond" truecount="1" falsecount="1"/>
          <line num="39" count="3" type="stmt"/>
          <line num="42" count="1" type="stmt"/>
          <line num="43" count="1" type="stmt"/>
          <line num="44" count="1" type="stmt"/>
          <line num="45" count="1" type="stmt"/>
          <line num="46" count="1" type="stmt"/>
          <line num="47" count="1" type="stmt"/>
          <line num="48" count="1" type="stmt"/>
          <line num="49" count="1" type="stmt"/>
          <line num="51" count="1" type="stmt"/>
          <line num="112" count="3" type="stmt"/>
          <line num="115" count="3" type="stmt"/>
          <line num="116" count="0" type="stmt"/>
          <line num="121" count="3" type="stmt"/>
        </file>
        <file name="MovieList.js" path="D:\ReactMentoring\task_5\ReactMentoring\lib\client\components\MovieList.js">
          <metrics statements="26" coveredstatements="24" conditionals="41" coveredconditionals="24" methods="13" coveredmethods="11"/>
          <line num="3" count="3" type="stmt"/>
          <line num="6" count="3" type="stmt"/>
          <line num="8" count="3" type="cond" truecount="5" falsecount="3"/>
          <line num="10" count="3" type="stmt"/>
          <line num="12" count="3" type="stmt"/>
          <line num="14" count="3" type="stmt"/>
          <line num="16" count="3" type="stmt"/>
          <line num="18" count="3" type="stmt"/>
          <line num="20" count="3" type="cond" truecount="3" falsecount="1"/>
          <line num="22" count="48" type="cond" truecount="5" falsecount="3"/>
          <line num="24" count="1" type="cond" truecount="1" falsecount="1"/>
          <line num="26" count="1" type="cond" truecount="3" falsecount="4"/>
          <line num="28" count="3" type="cond" truecount="6" falsecount="4"/>
          <line num="30" count="3" type="stmt"/>
          <line num="31" count="3" type="stmt"/>
          <line num="34" count="1" type="stmt"/>
          <line num="36" count="1" type="cond" truecount="1" falsecount="1"/>
          <line num="39" count="3" type="stmt"/>
          <line num="42" count="1" type="stmt"/>
          <line num="43" count="1" type="stmt"/>
          <line num="47" count="0" type="stmt"/>
          <line num="61" count="3" type="stmt"/>
          <line num="64" count="3" type="stmt"/>
          <line num="69" count="3" type="stmt"/>
          <line num="70" count="0" type="stmt"/>
          <line num="75" count="3" type="stmt"/>
        </file>
        <file name="NotFound.js" path="D:\ReactMentoring\task_5\ReactMentoring\lib\client\components\NotFound.js">
          <metrics statements="7" coveredstatements="7" conditionals="4" coveredconditionals="3" methods="2" coveredmethods="2"/>
          <line num="3" count="3" type="stmt"/>
          <line num="7" count="3" type="stmt"/>
          <line num="9" count="3" type="stmt"/>
          <line num="11" count="3" type="cond" truecount="3" falsecount="1"/>
          <line num="13" count="3" type="stmt"/>
          <line num="14" count="1" type="stmt"/>
          <line num="26" count="3" type="stmt"/>
        </file>
        <file name="ProposeByGenre.js" path="D:\ReactMentoring\task_5\ReactMentoring\lib\client\components\ProposeByGenre.js">
          <metrics statements="20" coveredstatements="19" conditionals="39" coveredconditionals="22" methods="11" coveredmethods="10"/>
          <line num="3" count="3" type="stmt"/>
          <line num="6" count="3" type="stmt"/>
          <line num="8" count="3" type="cond" truecount="5" falsecount="3"/>
          <line num="10" count="3" type="stmt"/>
          <line num="12" count="3" type="stmt"/>
          <line num="14" count="3" type="stmt"/>
          <line num="16" count="48" type="cond" truecount="5" falsecount="3"/>
          <line num="18" count="1" type="cond" truecount="1" falsecount="1"/>
          <line num="20" count="1" type="cond" truecount="3" falsecount="4"/>
          <line num="22" count="3" type="cond" truecount="6" falsecount="4"/>
          <line num="24" count="3" type="stmt"/>
          <line num="25" count="3" type="stmt"/>
          <line num="28" count="1" type="stmt"/>
          <line num="30" count="1" type="cond" truecount="1" falsecount="1"/>
          <line num="33" count="3" type="stmt"/>
          <line num="36" count="1" type="stmt"/>
          <line num="55" count="3" type="stmt"/>
          <line num="58" count="3" type="stmt"/>
          <line num="59" count="0" type="stmt"/>
          <line num="64" count="3" type="stmt"/>
        </file>
        <file name="RelatedMovies.js" path="D:\ReactMentoring\task_5\ReactMentoring\lib\client\components\RelatedMovies.js">
          <metrics statements="26" coveredstatements="25" conditionals="41" coveredconditionals="24" methods="13" coveredmethods="12"/>
          <line num="3" count="3" type="stmt"/>
          <line num="6" count="3" type="stmt"/>
          <line num="8" count="3" type="cond" truecount="5" falsecount="3"/>
          <line num="10" count="3" type="stmt"/>
          <line num="12" count="3" type="stmt"/>
          <line num="14" count="3" type="stmt"/>
          <line num="16" count="3" type="stmt"/>
          <line num="18" count="3" type="stmt"/>
          <line num="20" count="3" type="cond" truecount="3" falsecount="1"/>
          <line num="22" count="48" type="cond" truecount="5" falsecount="3"/>
          <line num="24" count="1" type="cond" truecount="1" falsecount="1"/>
          <line num="26" count="1" type="cond" truecount="3" falsecount="4"/>
          <line num="28" count="3" type="cond" truecount="6" falsecount="4"/>
          <line num="30" count="3" type="stmt"/>
          <line num="31" count="3" type="stmt"/>
          <line num="34" count="1" type="stmt"/>
          <line num="36" count="1" type="cond" truecount="1" falsecount="1"/>
          <line num="39" count="3" type="stmt"/>
          <line num="42" count="1" type="stmt"/>
          <line num="43" count="1" type="stmt"/>
          <line num="47" count="3" type="stmt"/>
          <line num="61" count="3" type="stmt"/>
          <line num="64" count="3" type="stmt"/>
          <line num="69" count="3" type="stmt"/>
          <line num="70" count="0" type="stmt"/>
          <line num="75" count="3" type="stmt"/>
        </file>
        <file name="ResultsSort.js" path="D:\ReactMentoring\task_5\ReactMentoring\lib\client\components\ResultsSort.js">
          <metrics statements="27" coveredstatements="24" conditionals="41" coveredconditionals="23" methods="13" coveredmethods="10"/>
          <line num="3" count="3" type="stmt"/>
          <line num="6" count="3" type="stmt"/>
          <line num="8" count="6" type="cond" truecount="5" falsecount="3"/>
          <line num="10" count="3" type="stmt"/>
          <line num="12" count="3" type="stmt"/>
          <line num="14" count="3" type="stmt"/>
          <line num="16" count="3" type="stmt"/>
          <line num="18" count="3" type="stmt"/>
          <line num="20" count="48" type="cond" truecount="5" falsecount="3"/>
          <line num="22" count="1" type="cond" truecount="1" falsecount="1"/>
          <line num="24" count="1" type="cond" truecount="3" falsecount="4"/>
          <line num="26" count="3" type="cond" truecount="6" falsecount="4"/>
          <line num="28" count="3" type="stmt"/>
          <line num="29" count="3" type="stmt"/>
          <line num="32" count="1" type="stmt"/>
          <line num="34" count="1" type="cond" truecount="1" falsecount="1"/>
          <line num="36" count="1" type="stmt"/>
          <line num="37" count="1" type="stmt"/>
          <line num="40" count="3" type="stmt"/>
          <line num="43" count="0" type="stmt"/>
          <line num="48" count="1" type="stmt"/>
          <line num="97" count="3" type="stmt"/>
          <line num="100" count="3" type="stmt"/>
          <line num="101" count="0" type="stmt"/>
          <line num="107" count="3" type="stmt"/>
          <line num="108" count="0" type="stmt"/>
          <line num="113" count="3" type="stmt"/>
        </file>
        <file name="SearchBlock.js" path="D:\ReactMentoring\task_5\ReactMentoring\lib\client\components\SearchBlock.js">
          <metrics statements="37" coveredstatements="30" conditionals="43" coveredconditionals="24" methods="15" coveredmethods="11"/>
          <line num="3" count="3" type="stmt"/>
          <line num="6" count="3" type="stmt"/>
          <line num="8" count="9" type="cond" truecount="5" falsecount="3"/>
          <line num="10" count="3" type="stmt"/>
          <line num="12" count="3" type="stmt"/>
          <line num="14" count="3" type="stmt"/>
          <line num="16" count="3" type="stmt"/>
          <line num="18" count="3" type="stmt"/>
          <line num="20" count="3" type="stmt"/>
          <line num="22" count="3" type="stmt"/>
          <line num="24" count="3" type="stmt"/>
          <line num="26" count="3" type="stmt"/>
          <line num="28" count="6" type="cond" truecount="3" falsecount="1"/>
          <line num="30" count="48" type="cond" truecount="5" falsecount="3"/>
          <line num="32" count="1" type="cond" truecount="1" falsecount="1"/>
          <line num="34" count="1" type="cond" truecount="3" falsecount="4"/>
          <line num="36" count="3" type="cond" truecount="6" falsecount="4"/>
          <line num="38" count="3" type="stmt"/>
          <line num="39" count="3" type="stmt"/>
          <line num="42" count="1" type="stmt"/>
          <line num="44" count="1" type="cond" truecount="1" falsecount="1"/>
          <line num="46" count="1" type="stmt"/>
          <line num="47" count="1" type="stmt"/>
          <line num="48" count="1" type="stmt"/>
          <line num="51" count="3" type="stmt"/>
          <line num="54" count="0" type="stmt"/>
          <line num="59" count="0" type="stmt"/>
          <line num="60" count="0" type="cond" truecount="0" falsecount="2"/>
          <line num="61" count="0" type="stmt"/>
          <line num="63" count="0" type="stmt"/>
          <line num="68" count="1" type="stmt"/>
          <line num="105" count="3" type="stmt"/>
          <line num="108" count="3" type="stmt"/>
          <line num="109" count="0" type="stmt"/>
          <line num="115" count="3" type="stmt"/>
          <line num="116" count="0" type="stmt"/>
          <line num="121" count="3" type="stmt"/>
        </file>
        <file name="SearchByButtons.js" path="D:\ReactMentoring\task_5\ReactMentoring\lib\client\components\SearchByButtons.js">
          <metrics statements="27" coveredstatements="24" conditionals="41" coveredconditionals="23" methods="13" coveredmethods="10"/>
          <line num="3" count="4" type="stmt"/>
          <line num="6" count="4" type="stmt"/>
          <line num="8" count="8" type="cond" truecount="5" falsecount="3"/>
          <line num="10" count="4" type="stmt"/>
          <line num="12" count="4" type="stmt"/>
          <line num="14" count="4" type="stmt"/>
          <line num="16" count="4" type="stmt"/>
          <line num="18" count="4" type="stmt"/>
          <line num="20" count="64" type="cond" truecount="5" falsecount="3"/>
          <line num="22" count="1" type="cond" truecount="1" falsecount="1"/>
          <line num="24" count="1" type="cond" truecount="3" falsecount="4"/>
          <line num="26" count="4" type="cond" truecount="6" falsecount="4"/>
          <line num="28" count="4" type="stmt"/>
          <line num="29" count="4" type="stmt"/>
          <line num="32" count="1" type="stmt"/>
          <line num="34" count="1" type="cond" truecount="1" falsecount="1"/>
          <line num="36" count="1" type="stmt"/>
          <line num="37" count="1" type="stmt"/>
          <line num="40" count="4" type="stmt"/>
          <line num="43" count="0" type="stmt"/>
          <line num="48" count="1" type="stmt"/>
          <line num="75" count="4" type="stmt"/>
          <line num="78" count="4" type="stmt"/>
          <line num="79" count="0" type="stmt"/>
          <line num="84" count="4" type="stmt"/>
          <line num="85" count="0" type="stmt"/>
          <line num="90" count="4" type="stmt"/>
        </file>
      </package>
      <package name="lib.client.containers">
        <metrics statements="93" coveredstatements="88" conditionals="92" coveredconditionals="55" methods="29" coveredmethods="25"/>
        <file name="HomePage.js" path="D:\ReactMentoring\task_5\ReactMentoring\lib\client\containers\HomePage.js">
          <metrics statements="37" coveredstatements="36" conditionals="45" coveredconditionals="26" methods="12" coveredmethods="11"/>
          <line num="3" count="2" type="stmt"/>
          <line num="6" count="2" type="stmt"/>
          <line num="8" count="2" type="cond" truecount="5" falsecount="3"/>
          <line num="10" count="2" type="stmt"/>
          <line num="12" count="2" type="stmt"/>
          <line num="14" count="2" type="stmt"/>
          <line num="16" count="2" type="stmt"/>
          <line num="18" count="2" type="stmt"/>
          <line num="20" count="2" type="stmt"/>
          <line num="22" count="2" type="stmt"/>
          <line num="24" count="2" type="stmt"/>
          <line num="26" count="2" type="stmt"/>
          <line num="28" count="2" type="stmt"/>
          <line num="30" count="2" type="stmt"/>
          <line num="32" count="2" type="stmt"/>
          <line num="34" count="2" type="stmt"/>
          <line num="36" count="2" type="stmt"/>
          <line num="38" count="2" type="stmt"/>
          <line num="40" count="12" type="cond" truecount="3" falsecount="1"/>
          <line num="42" count="32" type="cond" truecount="5" falsecount="3"/>
          <line num="44" count="1" type="cond" truecount="1" falsecount="1"/>
          <line num="46" count="1" type="cond" truecount="3" falsecount="4"/>
          <line num="48" count="2" type="cond" truecount="6" falsecount="4"/>
          <line num="50" count="2" type="stmt"/>
          <line num="51" count="2" type="stmt"/>
          <line num="54" count="1" type="stmt"/>
          <line num="56" count="1" type="cond" truecount="1" falsecount="1"/>
          <line num="59" count="2" type="stmt"/>
          <line num="62" count="1" type="stmt"/>
          <line num="63" count="1" type="stmt"/>
          <line num="64" count="1" type="stmt"/>
          <line num="66" count="1" type="stmt"/>
          <line num="89" count="2" type="stmt"/>
          <line num="92" count="2" type="stmt"/>
          <line num="98" count="2" type="stmt"/>
          <line num="99" count="0" type="stmt"/>
          <line num="105" count="2" type="stmt"/>
        </file>
        <file name="MoviePage.js" path="D:\ReactMentoring\task_5\ReactMentoring\lib\client\containers\MoviePage.js">
          <metrics statements="41" coveredstatements="37" conditionals="43" coveredconditionals="25" methods="15" coveredmethods="12"/>
          <line num="3" count="2" type="stmt"/>
          <line num="6" count="2" type="stmt"/>
          <line num="8" count="6" type="cond" truecount="5" falsecount="3"/>
          <line num="10" count="2" type="stmt"/>
          <line num="12" count="2" type="stmt"/>
          <line num="14" count="2" type="stmt"/>
          <line num="16" count="2" type="stmt"/>
          <line num="18" count="2" type="stmt"/>
          <line num="20" count="2" type="stmt"/>
          <line num="22" count="2" type="stmt"/>
          <line num="24" count="2" type="stmt"/>
          <line num="26" count="2" type="stmt"/>
          <line num="28" count="2" type="stmt"/>
          <line num="30" count="2" type="stmt"/>
          <line num="32" count="2" type="stmt"/>
          <line num="34" count="2" type="stmt"/>
          <line num="36" count="2" type="stmt"/>
          <line num="38" count="2" type="stmt"/>
          <line num="40" count="2" type="stmt"/>
          <line num="42" count="10" type="cond" truecount="3" falsecount="1"/>
          <line num="44" count="32" type="cond" truecount="5" falsecount="3"/>
          <line num="46" count="1" type="cond" truecount="1" falsecount="1"/>
          <line num="48" count="1" type="cond" truecount="3" falsecount="4"/>
          <line num="50" count="2" type="cond" truecount="6" falsecount="4"/>
          <line num="52" count="2" type="stmt"/>
          <line num="53" count="2" type="stmt"/>
          <line num="56" count="1" type="stmt"/>
          <line num="58" count="1" type="cond" truecount="1" falsecount="1"/>
          <line num="61" count="2" type="stmt"/>
          <line num="64" count="1" type="stmt"/>
          <line num="65" count="1" type="cond" truecount="1" falsecount="1"/>
          <line num="66" count="1" type="stmt"/>
          <line num="72" count="1" type="stmt"/>
          <line num="88" count="0" type="stmt"/>
          <line num="92" count="2" type="stmt"/>
          <line num="95" count="2" type="stmt"/>
          <line num="96" count="0" type="stmt"/>
          <line num="97" count="0" type="stmt"/>
          <line num="102" count="2" type="stmt"/>
          <line num="103" count="0" type="stmt"/>
          <line num="108" count="2" type="stmt"/>
        </file>
        <file name="NotFoundPage.js" path="D:\ReactMentoring\task_5\ReactMentoring\lib\client\containers\NotFoundPage.js">
          <metrics statements="15" coveredstatements="15" conditionals="4" coveredconditionals="4" methods="2" coveredmethods="2"/>
          <line num="3" count="2" type="stmt"/>
          <line num="7" count="2" type="stmt"/>
          <line num="9" count="2" type="stmt"/>
          <line num="11" count="2" type="stmt"/>
          <line num="13" count="2" type="stmt"/>
          <line num="15" count="2" type="stmt"/>
          <line num="17" count="2" type="stmt"/>
          <line num="19" count="2" type="stmt"/>
          <line num="21" count="2" type="stmt"/>
          <line num="23" count="2" type="stmt"/>
          <line num="25" count="2" type="stmt"/>
          <line num="27" count="10" type="cond" truecount="4" falsecount="0"/>
          <line num="29" count="2" type="stmt"/>
          <line num="30" count="1" type="stmt"/>
          <line num="43" count="2" type="stmt"/>
        </file>
      </package>
      <package name="lib.client.reducers">
        <metrics statements="15" coveredstatements="15" conditionals="20" coveredconditionals="16" methods="2" coveredmethods="1"/>
        <file name="gallery.js" path="D:\ReactMentoring\task_5\ReactMentoring\lib\client\reducers\gallery.js">
          <metrics statements="15" coveredstatements="15" conditionals="20" coveredconditionals="16" methods="2" coveredmethods="1"/>
          <line num="3" count="1" type="stmt"/>
          <line num="7" count="1" type="cond" truecount="1" falsecount="3"/>
          <line num="9" count="1" type="stmt"/>
          <line num="11" count="1" type="stmt"/>
          <line num="12" count="10" type="cond" truecount="4" falsecount="0"/>
          <line num="13" count="10" type="cond" truecount="3" falsecount="1"/>
          <line num="15" count="10" type="cond" truecount="8" falsecount="0"/>
          <line num="17" count="1" type="stmt"/>
          <line num="21" count="1" type="stmt"/>
          <line num="27" count="1" type="stmt"/>
          <line num="32" count="1" type="stmt"/>
          <line num="36" count="2" type="stmt"/>
          <line num="40" count="2" type="stmt"/>
          <line num="44" count="1" type="stmt"/>
          <line num="49" count="1" type="stmt"/>
        </file>
      </package>
      <package name="src.client">
        <metrics statements="2" coveredstatements="2" conditionals="0" coveredconditionals="0" methods="1" coveredmethods="1"/>
        <file name="app.jsx" path="D:\ReactMentoring\task_5\ReactMentoring\src\client\app.jsx">
          <metrics statements="2" coveredstatements="2" conditionals="0" coveredconditionals="0" methods="1" coveredmethods="1"/>
          <line num="8" count="1" type="stmt"/>
          <line num="9" count="1" type="stmt"/>
        </file>
        <file name="routes.js" path="D:\ReactMentoring\task_5\ReactMentoring\src\client\routes.js">
          <metrics statements="0" coveredstatements="0" conditionals="0" coveredconditionals="0" methods="0" coveredmethods="0"/>
        </file>
      </package>
      <package name="src.client.actions">
        <metrics statements="34" coveredstatements="34" conditionals="1" coveredconditionals="0" methods="20" coveredmethods="20"/>
        <file name="index.js" path="D:\ReactMentoring\task_5\ReactMentoring\src\client\actions\index.js">
          <metrics statements="34" coveredstatements="34" conditionals="1" coveredconditionals="0" methods="20" coveredmethods="20"/>
          <line num="1" count="12" type="stmt"/>
          <line num="2" count="12" type="stmt"/>
          <line num="3" count="12" type="stmt"/>
          <line num="4" count="12" type="stmt"/>
          <line num="5" count="12" type="stmt"/>
          <line num="6" count="12" type="stmt"/>
          <line num="7" count="12" type="stmt"/>
          <line num="8" count="12" type="stmt"/>
          <line num="10" count="12" type="stmt"/>
          <line num="21" count="12" type="stmt"/>
          <line num="25" count="12" type="stmt"/>
          <line num="30" count="12" type="stmt"/>
          <line num="35" count="12" type="stmt"/>
          <line num="40" count="12" type="stmt"/>
          <line num="45" count="12" type="stmt"/>
          <line num="50" count="12" type="stmt"/>
          <line num="55" count="12" type="stmt"/>
          <line num="60" count="12" type="cond" truecount="0" falsecount="1"/>
          <line num="61" count="1" type="stmt"/>
          <line num="62" count="1" type="stmt"/>
          <line num="63" count="1" type="stmt"/>
          <line num="64" count="1" type="stmt"/>
          <line num="65" count="1" type="stmt"/>
          <line num="68" count="12" type="stmt"/>
          <line num="69" count="1" type="stmt"/>
          <line num="70" count="1" type="stmt"/>
          <line num="71" count="1" type="stmt"/>
          <line num="72" count="1" type="stmt"/>
          <line num="75" count="12" type="stmt"/>
          <line num="76" count="1" type="stmt"/>
          <line num="77" count="1" type="stmt"/>
          <line num="78" count="1" type="stmt"/>
          <line num="79" count="1" type="stmt"/>
          <line num="80" count="1" type="stmt"/>
        </file>
      </package>
      <package name="src.client.components">
        <metrics statements="57" coveredstatements="45" conditionals="16" coveredconditionals="6" methods="37" coveredmethods="19"/>
        <file name="EmptySearchResult.jsx" path="D:\ReactMentoring\task_5\ReactMentoring\src\client\components\EmptySearchResult.jsx">
          <metrics statements="2" coveredstatements="2" conditionals="0" coveredconditionals="0" methods="1" coveredmethods="1"/>
          <line num="3" count="3" type="stmt"/>
          <line num="4" count="1" type="stmt"/>
        </file>
        <file name="ErrorBoundary.jsx" path="D:\ReactMentoring\task_5\ReactMentoring\src\client\components\ErrorBoundary.jsx">
          <metrics statements="6" coveredstatements="4" conditionals="4" coveredconditionals="1" methods="3" coveredmethods="2"/>
          <line num="5" count="1" type="stmt"/>
          <line num="6" count="1" type="stmt"/>
          <line num="10" count="0" type="stmt"/>
          <line num="17" count="1" type="cond" truecount="1" falsecount="1"/>
          <line num="18" count="0" type="stmt"/>
          <line num="29" count="1" type="stmt"/>
        </file>
        <file name="Footer.jsx" path="D:\ReactMentoring\task_5\ReactMentoring\src\client\components\Footer.jsx">
          <metrics statements="2" coveredstatements="2" conditionals="0" coveredconditionals="0" methods="1" coveredmethods="1"/>
          <line num="3" count="5" type="stmt"/>
          <line num="4" count="1" type="stmt"/>
        </file>
        <file name="Header.jsx" path="D:\ReactMentoring\task_5\ReactMentoring\src\client\components\Header.jsx">
          <metrics statements="2" coveredstatements="2" conditionals="0" coveredconditionals="0" methods="1" coveredmethods="1"/>
          <line num="3" count="7" type="stmt"/>
          <line num="4" count="1" type="stmt"/>
        </file>
        <file name="Movie.jsx" path="D:\ReactMentoring\task_5\ReactMentoring\src\client\components\Movie.jsx">
          <metrics statements="7" coveredstatements="5" conditionals="0" coveredconditionals="0" methods="4" coveredmethods="2"/>
          <line num="23" count="1" type="stmt"/>
          <line num="25" count="1" type="stmt"/>
          <line num="29" count="0" type="stmt"/>
          <line num="30" count="0" type="stmt"/>
          <line num="34" count="1" type="stmt"/>
          <line num="35" count="1" type="stmt"/>
          <line num="78" count="6" type="stmt"/>
        </file>
        <file name="MovieInfo.jsx" path="D:\ReactMentoring\task_5\ReactMentoring\src\client\components\MovieInfo.jsx">
          <metrics statements="3" coveredstatements="3" conditionals="0" coveredconditionals="0" methods="2" coveredmethods="1"/>
          <line num="20" count="1" type="stmt"/>
          <line num="21" count="1" type="stmt"/>
          <line num="104" count="3" type="stmt"/>
        </file>
        <file name="MovieList.jsx" path="D:\ReactMentoring\task_5\ReactMentoring\src\client\components\MovieList.jsx">
          <metrics statements="4" coveredstatements="3" conditionals="0" coveredconditionals="0" methods="3" coveredmethods="1"/>
          <line num="16" count="1" type="stmt"/>
          <line num="17" count="1" type="stmt"/>
          <line num="20" count="0" type="stmt"/>
          <line num="37" count="3" type="stmt"/>
        </file>
        <file name="NotFound.jsx" path="D:\ReactMentoring\task_5\ReactMentoring\src\client\components\NotFound.jsx">
          <metrics statements="2" coveredstatements="2" conditionals="0" coveredconditionals="0" methods="1" coveredmethods="1"/>
          <line num="3" count="3" type="stmt"/>
          <line num="4" count="1" type="stmt"/>
        </file>
        <file name="ProposeByGenre.jsx" path="D:\ReactMentoring\task_5\ReactMentoring\src\client\components\ProposeByGenre.jsx">
          <metrics statements="2" coveredstatements="2" conditionals="2" coveredconditionals="1" methods="2" coveredmethods="1"/>
          <line num="13" count="1" type="stmt"/>
          <line num="33" count="3" type="stmt"/>
        </file>
        <file name="RelatedMovies.jsx" path="D:\ReactMentoring\task_5\ReactMentoring\src\client\components\RelatedMovies.jsx">
          <metrics statements="4" coveredstatements="4" conditionals="0" coveredconditionals="0" methods="3" coveredmethods="2"/>
          <line num="16" count="1" type="stmt"/>
          <line num="17" count="1" type="stmt"/>
          <line num="20" count="3" type="stmt"/>
          <line num="38" count="3" type="stmt"/>
        </file>
        <file name="ResultsSort.jsx" path="D:\ReactMentoring\task_5\ReactMentoring\src\client\components\ResultsSort.jsx">
          <metrics statements="6" coveredstatements="5" conditionals="4" coveredconditionals="2" methods="5" coveredmethods="2"/>
          <line num="16" count="1" type="stmt"/>
          <line num="17" count="1" type="stmt"/>
          <line num="22" count="0" type="stmt"/>
          <line num="26" count="1" type="stmt"/>
          <line num="79" count="3" type="stmt"/>
          <line num="84" count="3" type="stmt"/>
        </file>
        <file name="SearchBlock.jsx" path="D:\ReactMentoring\task_5\ReactMentoring\src\client\components\SearchBlock.jsx">
          <metrics statements="11" coveredstatements="6" conditionals="2" coveredconditionals="0" methods="6" coveredmethods="2"/>
          <line num="20" count="1" type="stmt"/>
          <line num="22" count="1" type="stmt"/>
          <line num="23" count="1" type="stmt"/>
          <line num="27" count="0" type="stmt"/>
          <line num="31" count="0" type="stmt"/>
          <line num="32" count="0" type="cond" truecount="0" falsecount="2"/>
          <line num="33" count="0" type="stmt"/>
          <line num="35" count="0" type="stmt"/>
          <line num="39" count="1" type="stmt"/>
          <line num="97" count="3" type="stmt"/>
          <line num="102" count="3" type="stmt"/>
        </file>
        <file name="SearchByButtons.jsx" path="D:\ReactMentoring\task_5\ReactMentoring\src\client\components\SearchByButtons.jsx">
          <metrics statements="6" coveredstatements="5" conditionals="4" coveredconditionals="2" methods="5" coveredmethods="2"/>
          <line num="15" count="1" type="stmt"/>
          <line num="16" count="1" type="stmt"/>
          <line num="20" count="0" type="stmt"/>
          <line num="24" count="1" type="stmt"/>
          <line num="49" count="4" type="stmt"/>
          <line num="53" count="4" type="stmt"/>
        </file>
      </package>
      <package name="src.client.containers">
        <metrics statements="11" coveredstatements="10" conditionals="6" coveredconditionals="3" methods="8" coveredmethods="4"/>
        <file name="HomePage.jsx" path="D:\ReactMentoring\task_5\ReactMentoring\src\client\containers\HomePage.jsx">
          <metrics statements="3" coveredstatements="3" conditionals="4" coveredconditionals="2" methods="2" coveredmethods="1"/>
          <line num="24" count="1" type="stmt"/>
          <line num="25" count="1" type="stmt"/>
          <line num="45" count="2" type="stmt"/>
        </file>
        <file name="MoviePage.jsx" path="D:\ReactMentoring\task_5\ReactMentoring\src\client\containers\MoviePage.jsx">
          <metrics statements="6" coveredstatements="5" conditionals="2" coveredconditionals="1" methods="5" coveredmethods="2"/>
          <line num="30" count="0" type="stmt"/>
          <line num="34" count="1" type="stmt"/>
          <line num="35" count="1" type="cond" truecount="1" falsecount="1"/>
          <line num="39" count="1" type="stmt"/>
          <line num="52" count="2" type="stmt"/>
          <line num="56" count="2" type="stmt"/>
        </file>
        <file name="NotFoundPage.jsx" path="D:\ReactMentoring\task_5\ReactMentoring\src\client\containers\NotFoundPage.jsx">
          <metrics statements="2" coveredstatements="2" conditionals="0" coveredconditionals="0" methods="1" coveredmethods="1"/>
          <line num="8" count="2" type="stmt"/>
          <line num="9" count="1" type="stmt"/>
        </file>
      </package>
      <package name="src.client.reducers">
        <metrics statements="9" coveredstatements="9" conditionals="10" coveredconditionals="9" methods="1" coveredmethods="1"/>
        <file name="gallery.js" path="D:\ReactMentoring\task_5\ReactMentoring\src\client\reducers\gallery.js">
          <metrics statements="9" coveredstatements="9" conditionals="10" coveredconditionals="9" methods="1" coveredmethods="1"/>
          <line num="13" count="10" type="cond" truecount="8" falsecount="0"/>
          <line num="15" count="1" type="stmt"/>
          <line num="20" count="1" type="stmt"/>
          <line num="27" count="1" type="stmt"/>
          <line num="33" count="1" type="stmt"/>
          <line num="38" count="2" type="stmt"/>
          <line num="43" count="2" type="stmt"/>
          <line num="48" count="1" type="stmt"/>
          <line num="54" count="1" type="stmt"/>
        </file>
      </package>
      <package name="test">
        <metrics statements="5" coveredstatements="5" conditionals="0" coveredconditionals="0" methods="0" coveredmethods="0"/>
        <file name="jestsetup.js" path="D:\ReactMentoring\task_5\ReactMentoring\test\jestsetup.js">
          <metrics statements="4" coveredstatements="4" conditionals="0" coveredconditionals="0" methods="0" coveredmethods="0"/>
          <line num="4" count="40" type="stmt"/>
          <line num="6" count="40" type="stmt"/>
          <line num="7" count="40" type="stmt"/>
          <line num="8" count="40" type="stmt"/>
        </file>
        <file name="moviesArr.js" path="D:\ReactMentoring\task_5\ReactMentoring\test\moviesArr.js">
          <metrics statements="1" coveredstatements="1" conditionals="0" coveredconditionals="0" methods="0" coveredmethods="0"/>
          <line num="1" count="16" type="stmt"/>
        </file>
      </package>
    </metrics>
  </project>
</coverage>
