<?xml version="1.0" encoding="UTF-8"?>
<coverage generated="1525806789472" clover="3.2.0">
  <project timestamp="1525806789473" name="All files">
    <metrics statements="46" coveredstatements="30" conditionals="14" coveredconditionals="4" methods="22" coveredmethods="11" elements="82" coveredelements="45" complexity="0" loc="46" ncloc="46" packages="4" files="13" classes="13">
      <package name="src.client">
        <metrics statements="3" coveredstatements="3" conditionals="0" coveredconditionals="0" methods="1" coveredmethods="1"/>
        <file name="app.jsx" path="D:\ReactMentoring\task_1\src\client\app.jsx">
          <metrics statements="2" coveredstatements="2" conditionals="0" coveredconditionals="0" methods="1" coveredmethods="1"/>
          <line num="7" count="1" type="stmt"/>
          <line num="8" count="1" type="stmt"/>
        </file>
        <file name="movieArr.js" path="D:\ReactMentoring\task_1\src\client\movieArr.js">
          <metrics statements="1" coveredstatements="1" conditionals="0" coveredconditionals="0" methods="0" coveredmethods="0"/>
          <line num="1" count="3" type="stmt"/>
        </file>
      </package>
      <package name="src.client.components">
        <metrics statements="33" coveredstatements="17" conditionals="14" coveredconditionals="4" methods="17" coveredmethods="6"/>
        <file name="ErrorBoundary.jsx" path="D:\ReactMentoring\task_1\src\client\components\ErrorBoundary.jsx">
          <metrics statements="6" coveredstatements="0" conditionals="4" coveredconditionals="0" methods="3" coveredmethods="0"/>
          <line num="5" count="0" type="stmt"/>
          <line num="6" count="0" type="stmt"/>
          <line num="10" count="0" type="stmt"/>
          <line num="17" count="0" type="cond" truecount="0" falsecount="2"/>
          <line num="18" count="0" type="stmt"/>
          <line num="29" count="0" type="stmt"/>
        </file>
        <file name="Footer.js" path="D:\ReactMentoring\task_1\src\client\components\Footer.js">
          <metrics statements="2" coveredstatements="2" conditionals="0" coveredconditionals="0" methods="1" coveredmethods="1"/>
          <line num="3" count="4" type="stmt"/>
          <line num="4" count="1" type="stmt"/>
        </file>
        <file name="Movie.jsx" path="D:\ReactMentoring\task_1\src\client\components\Movie.jsx">
          <metrics statements="2" coveredstatements="2" conditionals="0" coveredconditionals="0" methods="1" coveredmethods="1"/>
          <line num="4" count="4" type="stmt"/>
          <line num="5" count="1" type="stmt"/>
        </file>
        <file name="MovieInfo.jsx" path="D:\ReactMentoring\task_1\src\client\components\MovieInfo.jsx">
          <metrics statements="2" coveredstatements="1" conditionals="0" coveredconditionals="0" methods="1" coveredmethods="0"/>
          <line num="3" count="2" type="stmt"/>
          <line num="5" count="0" type="stmt"/>
        </file>
        <file name="MovieList.jsx" path="D:\ReactMentoring\task_1\src\client\components\MovieList.jsx">
          <metrics statements="3" coveredstatements="1" conditionals="0" coveredconditionals="0" methods="2" coveredmethods="0"/>
          <line num="5" count="3" type="stmt"/>
          <line num="6" count="0" type="stmt"/>
          <line num="8" count="0" type="stmt"/>
        </file>
        <file name="ProposeByGenre.jsx" path="D:\ReactMentoring\task_1\src\client\components\ProposeByGenre.jsx">
          <metrics statements="2" coveredstatements="1" conditionals="0" coveredconditionals="0" methods="1" coveredmethods="0"/>
          <line num="3" count="2" type="stmt"/>
          <line num="4" count="0" type="stmt"/>
        </file>
        <file name="ResultsSort.jsx" path="D:\ReactMentoring\task_1\src\client\components\ResultsSort.jsx">
          <metrics statements="5" coveredstatements="4" conditionals="4" coveredconditionals="2" methods="3" coveredmethods="2"/>
          <line num="5" count="1" type="stmt"/>
          <line num="6" count="1" type="stmt"/>
          <line num="10" count="1" type="stmt"/>
          <line num="14" count="0" type="stmt"/>
          <line num="18" count="1" type="stmt"/>
        </file>
        <file name="SearchBlock.jsx" path="D:\ReactMentoring\task_1\src\client\components\SearchBlock.jsx">
          <metrics statements="11" coveredstatements="6" conditionals="6" coveredconditionals="2" methods="5" coveredmethods="2"/>
          <line num="5" count="1" type="stmt"/>
          <line num="6" count="1" type="stmt"/>
          <line num="11" count="1" type="stmt"/>
          <line num="12" count="1" type="stmt"/>
          <line num="13" count="1" type="stmt"/>
          <line num="17" count="0" type="stmt"/>
          <line num="21" count="0" type="stmt"/>
          <line num="25" count="0" type="stmt"/>
          <line num="26" count="0" type="cond" truecount="0" falsecount="2"/>
          <line num="27" count="0" type="stmt"/>
          <line num="33" count="1" type="stmt"/>
        </file>
      </package>
      <package name="src.client.pages">
        <metrics statements="6" coveredstatements="6" conditionals="0" coveredconditionals="0" methods="4" coveredmethods="4"/>
        <file name="HomePage.jsx" path="D:\ReactMentoring\task_1\src\client\pages\HomePage.jsx">
          <metrics statements="3" coveredstatements="3" conditionals="0" coveredconditionals="0" methods="2" coveredmethods="2"/>
          <line num="12" count="1" type="stmt"/>
          <line num="13" count="1" type="stmt"/>
          <line num="19" count="1" type="stmt"/>
        </file>
        <file name="MoviePage.jsx" path="D:\ReactMentoring\task_1\src\client\pages\MoviePage.jsx">
          <metrics statements="3" coveredstatements="3" conditionals="0" coveredconditionals="0" methods="2" coveredmethods="2"/>
          <line num="12" count="1" type="stmt"/>
          <line num="13" count="1" type="stmt"/>
          <line num="20" count="1" type="stmt"/>
        </file>
      </package>
      <package name="test">
        <metrics statements="4" coveredstatements="4" conditionals="0" coveredconditionals="0" methods="0" coveredmethods="0"/>
        <file name="jestsetup.js" path="D:\ReactMentoring\task_1\test\jestsetup.js">
          <metrics statements="4" coveredstatements="4" conditionals="0" coveredconditionals="0" methods="0" coveredmethods="0"/>
          <line num="4" count="7" type="stmt"/>
          <line num="6" count="7" type="stmt"/>
          <line num="7" count="7" type="stmt"/>
          <line num="8" count="7" type="stmt"/>
        </file>
      </package>
    </metrics>
  </project>
</coverage>
