{"D:\\ReactMentoring\\task_5\\ReactMentoring\\src\\client\\app.jsx": {"path":"D:\\ReactMentoring\\task_5\\ReactMentoring\\src\\client\\app.jsx","statementMap":{"0":{"start":{"line":8,"column":12},"end":{"line":20,"column":1}},"1":{"start":{"line":9,"column":2},"end":{"line":19,"column":8}}},"fnMap":{"0":{"name":"(anonymous_0)","decl":{"start":{"line":8,"column":12},"end":{"line":8,"column":13}},"loc":{"start":{"line":9,"column":2},"end":{"line":19,"column":8}},"line":9}},"branchMap":{},"s":{"0":1,"1":1},"f":{"0":1},"b":{},"_coverageSchema":"332fd63041d2c1bcb487cc26dd0d5f7d97098a6c","hash":"cfeccfd131a29399bb4ebb9ccd45a338b92822e8"}
,"D:\\ReactMentoring\\task_5\\ReactMentoring\\src\\client\\routes.js": {"path":"D:\\ReactMentoring\\task_5\\ReactMentoring\\src\\client\\routes.js","statementMap":{},"fnMap":{},"branchMap":{},"s":{},"f":{},"b":{},"_coverageSchema":"332fd63041d2c1bcb487cc26dd0d5f7d97098a6c","hash":"02b9a2e36eb84379e38a66e6c31f0c90b8b6fbd9"}
,"D:\\ReactMentoring\\task_5\\ReactMentoring\\src\\client\\actions\\index.js": {"path":"D:\\ReactMentoring\\task_5\\ReactMentoring\\src\\client\\actions\\index.js","statementMap":{"0":{"start":{"line":1,"column":28},"end":{"line":1,"column":50}},"1":{"start":{"line":2,"column":34},"end":{"line":2,"column":62}},"2":{"start":{"line":3,"column":30},"end":{"line":3,"column":54}},"3":{"start":{"line":4,"column":37},"end":{"line":4,"column":68}},"4":{"start":{"line":5,"column":35},"end":{"line":5,"column":64}},"5":{"start":{"line":6,"column":32},"end":{"line":6,"column":58}},"6":{"start":{"line":7,"column":30},"end":{"line":7,"column":54}},"7":{"start":{"line":8,"column":33},"end":{"line":8,"column":60}},"8":{"start":{"line":10,"column":27},"end":{"line":12,"column":2}},"9":{"start":{"line":10,"column":34},"end":{"line":12,"column":1}},"10":{"start":{"line":14,"column":31},"end":{"line":17,"column":2}},"11":{"start":{"line":14,"column":38},"end":{"line":17,"column":1}},"12":{"start":{"line":19,"column":29},"end":{"line":22,"column":2}},"13":{"start":{"line":19,"column":41},"end":{"line":22,"column":1}},"14":{"start":{"line":24,"column":35},"end":{"line":27,"column":2}},"15":{"start":{"line":24,"column":53},"end":{"line":27,"column":1}},"16":{"start":{"line":29,"column":33},"end":{"line":32,"column":2}},"17":{"start":{"line":29,"column":52},"end":{"line":32,"column":1}},"18":{"start":{"line":34,"column":30},"end":{"line":37,"column":2}},"19":{"start":{"line":34,"column":46},"end":{"line":37,"column":1}},"20":{"start":{"line":39,"column":28},"end":{"line":42,"column":2}},"21":{"start":{"line":39,"column":42},"end":{"line":42,"column":1}},"22":{"start":{"line":44,"column":31},"end":{"line":47,"column":2}},"23":{"start":{"line":44,"column":51},"end":{"line":47,"column":1}},"24":{"start":{"line":49,"column":28},"end":{"line":55,"column":1}},"25":{"start":{"line":49,"column":57},"end":{"line":55,"column":1}},"26":{"start":{"line":50,"column":2},"end":{"line":50,"column":26}},"27":{"start":{"line":51,"column":12},"end":{"line":51,"column":152}},"28":{"start":{"line":52,"column":2},"end":{"line":54,"column":55}},"29":{"start":{"line":53,"column":17},"end":{"line":53,"column":27}},"30":{"start":{"line":54,"column":21},"end":{"line":54,"column":53}},"31":{"start":{"line":57,"column":26},"end":{"line":62,"column":1}},"32":{"start":{"line":57,"column":36},"end":{"line":62,"column":1}},"33":{"start":{"line":58,"column":12},"end":{"line":58,"column":61}},"34":{"start":{"line":59,"column":2},"end":{"line":61,"column":53}},"35":{"start":{"line":60,"column":17},"end":{"line":60,"column":27}},"36":{"start":{"line":61,"column":19},"end":{"line":61,"column":51}},"37":{"start":{"line":64,"column":34},"end":{"line":70,"column":1}},"38":{"start":{"line":64,"column":47},"end":{"line":70,"column":1}},"39":{"start":{"line":65,"column":2},"end":{"line":65,"column":26}},"40":{"start":{"line":66,"column":12},"end":{"line":66,"column":96}},"41":{"start":{"line":67,"column":2},"end":{"line":69,"column":73}},"42":{"start":{"line":68,"column":17},"end":{"line":68,"column":27}},"43":{"start":{"line":69,"column":27},"end":{"line":69,"column":71}}},"fnMap":{"0":{"name":"(anonymous_0)","decl":{"start":{"line":10,"column":27},"end":{"line":10,"column":28}},"loc":{"start":{"line":10,"column":34},"end":{"line":12,"column":1}},"line":10},"1":{"name":"(anonymous_1)","decl":{"start":{"line":14,"column":31},"end":{"line":14,"column":32}},"loc":{"start":{"line":14,"column":38},"end":{"line":17,"column":1}},"line":14},"2":{"name":"(anonymous_2)","decl":{"start":{"line":19,"column":29},"end":{"line":19,"column":30}},"loc":{"start":{"line":19,"column":41},"end":{"line":22,"column":1}},"line":19},"3":{"name":"(anonymous_3)","decl":{"start":{"line":24,"column":35},"end":{"line":24,"column":36}},"loc":{"start":{"line":24,"column":53},"end":{"line":27,"column":1}},"line":24},"4":{"name":"(anonymous_4)","decl":{"start":{"line":29,"column":33},"end":{"line":29,"column":34}},"loc":{"start":{"line":29,"column":52},"end":{"line":32,"column":1}},"line":29},"5":{"name":"(anonymous_5)","decl":{"start":{"line":34,"column":30},"end":{"line":34,"column":31}},"loc":{"start":{"line":34,"column":46},"end":{"line":37,"column":1}},"line":34},"6":{"name":"(anonymous_6)","decl":{"start":{"line":39,"column":28},"end":{"line":39,"column":29}},"loc":{"start":{"line":39,"column":42},"end":{"line":42,"column":1}},"line":39},"7":{"name":"(anonymous_7)","decl":{"start":{"line":44,"column":31},"end":{"line":44,"column":32}},"loc":{"start":{"line":44,"column":51},"end":{"line":47,"column":1}},"line":44},"8":{"name":"(anonymous_8)","decl":{"start":{"line":49,"column":28},"end":{"line":49,"column":29}},"loc":{"start":{"line":49,"column":57},"end":{"line":55,"column":1}},"line":49},"9":{"name":"(anonymous_9)","decl":{"start":{"line":49,"column":57},"end":{"line":49,"column":58}},"loc":{"start":{"line":49,"column":71},"end":{"line":55,"column":1}},"line":49},"10":{"name":"(anonymous_10)","decl":{"start":{"line":53,"column":10},"end":{"line":53,"column":11}},"loc":{"start":{"line":53,"column":17},"end":{"line":53,"column":27}},"line":53},"11":{"name":"(anonymous_11)","decl":{"start":{"line":54,"column":10},"end":{"line":54,"column":11}},"loc":{"start":{"line":54,"column":21},"end":{"line":54,"column":53}},"line":54},"12":{"name":"(anonymous_12)","decl":{"start":{"line":57,"column":26},"end":{"line":57,"column":27}},"loc":{"start":{"line":57,"column":36},"end":{"line":62,"column":1}},"line":57},"13":{"name":"(anonymous_13)","decl":{"start":{"line":57,"column":36},"end":{"line":57,"column":37}},"loc":{"start":{"line":57,"column":50},"end":{"line":62,"column":1}},"line":57},"14":{"name":"(anonymous_14)","decl":{"start":{"line":60,"column":10},"end":{"line":60,"column":11}},"loc":{"start":{"line":60,"column":17},"end":{"line":60,"column":27}},"line":60},"15":{"name":"(anonymous_15)","decl":{"start":{"line":61,"column":10},"end":{"line":61,"column":11}},"loc":{"start":{"line":61,"column":19},"end":{"line":61,"column":51}},"line":61},"16":{"name":"(anonymous_16)","decl":{"start":{"line":64,"column":34},"end":{"line":64,"column":35}},"loc":{"start":{"line":64,"column":47},"end":{"line":70,"column":1}},"line":64},"17":{"name":"(anonymous_17)","decl":{"start":{"line":64,"column":47},"end":{"line":64,"column":48}},"loc":{"start":{"line":64,"column":61},"end":{"line":70,"column":1}},"line":64},"18":{"name":"(anonymous_18)","decl":{"start":{"line":68,"column":10},"end":{"line":68,"column":11}},"loc":{"start":{"line":68,"column":17},"end":{"line":68,"column":27}},"line":68},"19":{"name":"(anonymous_19)","decl":{"start":{"line":69,"column":10},"end":{"line":69,"column":11}},"loc":{"start":{"line":69,"column":27},"end":{"line":69,"column":71}},"line":69}},"branchMap":{"0":{"loc":{"start":{"line":49,"column":30},"end":{"line":49,"column":51}},"type":"default-arg","locations":[{"start":{"line":49,"column":38},"end":{"line":49,"column":51}}],"line":49}},"s":{"0":12,"1":12,"2":12,"3":12,"4":12,"5":12,"6":12,"7":12,"8":12,"9":2,"10":12,"11":1,"12":12,"13":2,"14":12,"15":2,"16":12,"17":1,"18":12,"19":1,"20":12,"21":1,"22":12,"23":2,"24":12,"25":1,"26":1,"27":1,"28":1,"29":1,"30":1,"31":12,"32":2,"33":1,"34":1,"35":1,"36":1,"37":12,"38":2,"39":1,"40":1,"41":1,"42":1,"43":1},"f":{"0":2,"1":1,"2":2,"3":2,"4":1,"5":1,"6":1,"7":2,"8":1,"9":1,"10":1,"11":1,"12":2,"13":1,"14":1,"15":1,"16":2,"17":1,"18":1,"19":1},"b":{"0":[0]},"_coverageSchema":"332fd63041d2c1bcb487cc26dd0d5f7d97098a6c","hash":"3586ac4078880f2956b45ecac28f2411bb18f8cc"}
,"D:\\ReactMentoring\\task_5\\ReactMentoring\\src\\client\\components\\EmptySearchResult.jsx": {"path":"D:\\ReactMentoring\\task_5\\ReactMentoring\\src\\client\\components\\EmptySearchResult.jsx","statementMap":{"0":{"start":{"line":3,"column":26},"end":{"line":16,"column":1}},"1":{"start":{"line":4,"column":4},"end":{"line":15,"column":10}}},"fnMap":{"0":{"name":"(anonymous_0)","decl":{"start":{"line":3,"column":26},"end":{"line":3,"column":27}},"loc":{"start":{"line":4,"column":4},"end":{"line":15,"column":10}},"line":4}},"branchMap":{},"s":{"0":3,"1":1},"f":{"0":1},"b":{},"_coverageSchema":"332fd63041d2c1bcb487cc26dd0d5f7d97098a6c","hash":"d969a58bce56691f284ccbc980763b0915238e60"}
,"D:\\ReactMentoring\\task_5\\ReactMentoring\\src\\client\\components\\ErrorBoundary.jsx": {"path":"D:\\ReactMentoring\\task_5\\ReactMentoring\\src\\client\\components\\ErrorBoundary.jsx","statementMap":{"0":{"start":{"line":5,"column":4},"end":{"line":5,"column":17}},"1":{"start":{"line":6,"column":4},"end":{"line":6,"column":50}},"2":{"start":{"line":10,"column":4},"end":{"line":13,"column":6}},"3":{"start":{"line":17,"column":4},"end":{"line":28,"column":5}},"4":{"start":{"line":18,"column":6},"end":{"line":27,"column":8}},"5":{"start":{"line":29,"column":4},"end":{"line":29,"column":31}}},"fnMap":{"0":{"name":"(anonymous_0)","decl":{"start":{"line":4,"column":2},"end":{"line":4,"column":3}},"loc":{"start":{"line":4,"column":21},"end":{"line":7,"column":3}},"line":4},"1":{"name":"(anonymous_1)","decl":{"start":{"line":9,"column":2},"end":{"line":9,"column":3}},"loc":{"start":{"line":9,"column":38},"end":{"line":14,"column":3}},"line":9},"2":{"name":"(anonymous_2)","decl":{"start":{"line":16,"column":2},"end":{"line":16,"column":3}},"loc":{"start":{"line":16,"column":11},"end":{"line":30,"column":3}},"line":16}},"branchMap":{"0":{"loc":{"start":{"line":17,"column":4},"end":{"line":28,"column":5}},"type":"if","locations":[{"start":{"line":17,"column":4},"end":{"line":28,"column":5}},{"start":{"line":17,"column":4},"end":{"line":28,"column":5}}],"line":17},"1":{"loc":{"start":{"line":22,"column":13},"end":{"line":22,"column":60}},"type":"binary-expr","locations":[{"start":{"line":22,"column":13},"end":{"line":22,"column":29}},{"start":{"line":22,"column":33},"end":{"line":22,"column":60}}],"line":22}},"s":{"0":1,"1":1,"2":0,"3":1,"4":0,"5":1},"f":{"0":1,"1":0,"2":1},"b":{"0":[0,1],"1":[0,0]},"_coverageSchema":"332fd63041d2c1bcb487cc26dd0d5f7d97098a6c","hash":"5e019a42b0d83eb17ec04a4967c7c619077c51c4"}
,"D:\\ReactMentoring\\task_5\\ReactMentoring\\src\\client\\components\\Footer.jsx": {"path":"D:\\ReactMentoring\\task_5\\ReactMentoring\\src\\client\\components\\Footer.jsx","statementMap":{"0":{"start":{"line":3,"column":15},"end":{"line":32,"column":1}},"1":{"start":{"line":4,"column":2},"end":{"line":31,"column":8}}},"fnMap":{"0":{"name":"(anonymous_0)","decl":{"start":{"line":3,"column":15},"end":{"line":3,"column":16}},"loc":{"start":{"line":4,"column":2},"end":{"line":31,"column":8}},"line":4}},"branchMap":{},"s":{"0":5,"1":1},"f":{"0":1},"b":{},"_coverageSchema":"332fd63041d2c1bcb487cc26dd0d5f7d97098a6c","hash":"7cb1df56361688cfa691d585af2812d7e5f759cb"}
,"D:\\ReactMentoring\\task_5\\ReactMentoring\\src\\client\\components\\Header.jsx": {"path":"D:\\ReactMentoring\\task_5\\ReactMentoring\\src\\client\\components\\Header.jsx","statementMap":{"0":{"start":{"line":3,"column":15},"end":{"line":26,"column":1}},"1":{"start":{"line":4,"column":2},"end":{"line":25,"column":8}}},"fnMap":{"0":{"name":"(anonymous_0)","decl":{"start":{"line":3,"column":15},"end":{"line":3,"column":16}},"loc":{"start":{"line":4,"column":2},"end":{"line":25,"column":8}},"line":4}},"branchMap":{},"s":{"0":7,"1":1},"f":{"0":1},"b":{},"_coverageSchema":"332fd63041d2c1bcb487cc26dd0d5f7d97098a6c","hash":"9e06489f6b660625015f3c7984068f6eae728941"}
,"D:\\ReactMentoring\\task_5\\ReactMentoring\\src\\client\\components\\Movie.jsx": {"path":"D:\\ReactMentoring\\task_5\\ReactMentoring\\src\\client\\components\\Movie.jsx","statementMap":{"0":{"start":{"line":23,"column":4},"end":{"line":23,"column":17}},"1":{"start":{"line":25,"column":4},"end":{"line":25,"column":58}},"2":{"start":{"line":29,"column":4},"end":{"line":29,"column":49}},"3":{"start":{"line":30,"column":4},"end":{"line":30,"column":62}},"4":{"start":{"line":34,"column":18},"end":{"line":34,"column":34}},"5":{"start":{"line":35,"column":4},"end":{"line":75,"column":6}},"6":{"start":{"line":79,"column":27},"end":{"line":81,"column":12}},"7":{"start":{"line":79,"column":39},"end":{"line":81,"column":12}}},"fnMap":{"0":{"name":"(anonymous_0)","decl":{"start":{"line":22,"column":2},"end":{"line":22,"column":3}},"loc":{"start":{"line":22,"column":21},"end":{"line":26,"column":3}},"line":22},"1":{"name":"(anonymous_1)","decl":{"start":{"line":28,"column":2},"end":{"line":28,"column":3}},"loc":{"start":{"line":28,"column":17},"end":{"line":31,"column":3}},"line":28},"2":{"name":"(anonymous_2)","decl":{"start":{"line":33,"column":2},"end":{"line":33,"column":3}},"loc":{"start":{"line":33,"column":11},"end":{"line":76,"column":3}},"line":33},"3":{"name":"(anonymous_3)","decl":{"start":{"line":79,"column":27},"end":{"line":79,"column":28}},"loc":{"start":{"line":79,"column":39},"end":{"line":81,"column":12}},"line":79}},"branchMap":{},"s":{"0":1,"1":1,"2":0,"3":0,"4":1,"5":1,"6":6,"7":0},"f":{"0":1,"1":0,"2":1,"3":0},"b":{},"_coverageSchema":"332fd63041d2c1bcb487cc26dd0d5f7d97098a6c","hash":"fb0fdb8d043d59bd491e67855b85000e79952c99"}
,"D:\\ReactMentoring\\task_5\\ReactMentoring\\src\\client\\components\\MovieInfo.jsx": {"path":"D:\\ReactMentoring\\task_5\\ReactMentoring\\src\\client\\components\\MovieInfo.jsx","statementMap":{"0":{"start":{"line":20,"column":90},"end":{"line":20,"column":113}},"1":{"start":{"line":21,"column":4},"end":{"line":100,"column":6}},"2":{"start":{"line":104,"column":24},"end":{"line":106,"column":2}},"3":{"start":{"line":104,"column":38},"end":{"line":106,"column":1}}},"fnMap":{"0":{"name":"(anonymous_0)","decl":{"start":{"line":19,"column":2},"end":{"line":19,"column":3}},"loc":{"start":{"line":19,"column":11},"end":{"line":101,"column":3}},"line":19},"1":{"name":"(anonymous_1)","decl":{"start":{"line":104,"column":24},"end":{"line":104,"column":25}},"loc":{"start":{"line":104,"column":38},"end":{"line":106,"column":1}},"line":104}},"branchMap":{},"s":{"0":1,"1":1,"2":3,"3":0},"f":{"0":1,"1":0},"b":{},"_coverageSchema":"332fd63041d2c1bcb487cc26dd0d5f7d97098a6c","hash":"45ed3a5c8f0f8eddbe78c4754ee4e006c5e901e1"}
,"D:\\ReactMentoring\\task_5\\ReactMentoring\\src\\client\\components\\MovieList.jsx": {"path":"D:\\ReactMentoring\\task_5\\ReactMentoring\\src\\client\\components\\MovieList.jsx","statementMap":{"0":{"start":{"line":16,"column":19},"end":{"line":16,"column":36}},"1":{"start":{"line":17,"column":4},"end":{"line":33,"column":6}},"2":{"start":{"line":20,"column":10},"end":{"line":23,"column":12}},"3":{"start":{"line":37,"column":24},"end":{"line":39,"column":2}},"4":{"start":{"line":37,"column":34},"end":{"line":39,"column":1}}},"fnMap":{"0":{"name":"(anonymous_0)","decl":{"start":{"line":15,"column":2},"end":{"line":15,"column":3}},"loc":{"start":{"line":15,"column":11},"end":{"line":34,"column":3}},"line":15},"1":{"name":"(anonymous_1)","decl":{"start":{"line":19,"column":20},"end":{"line":19,"column":21}},"loc":{"start":{"line":20,"column":10},"end":{"line":23,"column":12}},"line":20},"2":{"name":"(anonymous_2)","decl":{"start":{"line":37,"column":24},"end":{"line":37,"column":25}},"loc":{"start":{"line":37,"column":34},"end":{"line":39,"column":1}},"line":37}},"branchMap":{},"s":{"0":1,"1":1,"2":0,"3":3,"4":0},"f":{"0":1,"1":0,"2":0},"b":{},"_coverageSchema":"332fd63041d2c1bcb487cc26dd0d5f7d97098a6c","hash":"7bc2a384934ee4b34a039316cc191ffab810cdd0"}
,"D:\\ReactMentoring\\task_5\\ReactMentoring\\src\\client\\components\\NotFound.jsx": {"path":"D:\\ReactMentoring\\task_5\\ReactMentoring\\src\\client\\components\\NotFound.jsx","statementMap":{"0":{"start":{"line":3,"column":17},"end":{"line":16,"column":1}},"1":{"start":{"line":4,"column":4},"end":{"line":15,"column":10}}},"fnMap":{"0":{"name":"(anonymous_0)","decl":{"start":{"line":3,"column":17},"end":{"line":3,"column":18}},"loc":{"start":{"line":4,"column":4},"end":{"line":15,"column":10}},"line":4}},"branchMap":{},"s":{"0":3,"1":1},"f":{"0":1},"b":{},"_coverageSchema":"332fd63041d2c1bcb487cc26dd0d5f7d97098a6c","hash":"e48aac97c5aa6ff52669c053ca90cc753e036f2a"}
,"D:\\ReactMentoring\\task_5\\ReactMentoring\\src\\client\\components\\ProposeByGenre.jsx": {"path":"D:\\ReactMentoring\\task_5\\ReactMentoring\\src\\client\\components\\ProposeByGenre.jsx","statementMap":{"0":{"start":{"line":13,"column":4},"end":{"line":29,"column":6}},"1":{"start":{"line":33,"column":24},"end":{"line":35,"column":2}},"2":{"start":{"line":33,"column":34},"end":{"line":35,"column":1}}},"fnMap":{"0":{"name":"(anonymous_0)","decl":{"start":{"line":12,"column":2},"end":{"line":12,"column":3}},"loc":{"start":{"line":12,"column":11},"end":{"line":30,"column":3}},"line":12},"1":{"name":"(anonymous_1)","decl":{"start":{"line":33,"column":24},"end":{"line":33,"column":25}},"loc":{"start":{"line":33,"column":34},"end":{"line":35,"column":1}},"line":33}},"branchMap":{"0":{"loc":{"start":{"line":16,"column":20},"end":{"line":16,"column":91}},"type":"cond-expr","locations":[{"start":{"line":16,"column":53},"end":{"line":16,"column":86}},{"start":{"line":16,"column":89},"end":{"line":16,"column":91}}],"line":16}},"s":{"0":1,"1":3,"2":0},"f":{"0":1,"1":0},"b":{"0":[1,0]},"_coverageSchema":"332fd63041d2c1bcb487cc26dd0d5f7d97098a6c","hash":"ab9fc036d414281dcd0a3e1cecb47c4bcc563712"}
,"D:\\ReactMentoring\\task_5\\ReactMentoring\\src\\client\\components\\RelatedMovies.jsx": {"path":"D:\\ReactMentoring\\task_5\\ReactMentoring\\src\\client\\components\\RelatedMovies.jsx","statementMap":{"0":{"start":{"line":16,"column":26},"end":{"line":16,"column":50}},"1":{"start":{"line":17,"column":4},"end":{"line":34,"column":6}},"2":{"start":{"line":20,"column":12},"end":{"line":23,"column":14}},"3":{"start":{"line":38,"column":24},"end":{"line":40,"column":2}},"4":{"start":{"line":38,"column":34},"end":{"line":40,"column":1}}},"fnMap":{"0":{"name":"(anonymous_0)","decl":{"start":{"line":15,"column":2},"end":{"line":15,"column":3}},"loc":{"start":{"line":15,"column":11},"end":{"line":35,"column":3}},"line":15},"1":{"name":"(anonymous_1)","decl":{"start":{"line":19,"column":28},"end":{"line":19,"column":29}},"loc":{"start":{"line":20,"column":12},"end":{"line":23,"column":14}},"line":20},"2":{"name":"(anonymous_2)","decl":{"start":{"line":38,"column":24},"end":{"line":38,"column":25}},"loc":{"start":{"line":38,"column":34},"end":{"line":40,"column":1}},"line":38}},"branchMap":{},"s":{"0":1,"1":1,"2":3,"3":3,"4":0},"f":{"0":1,"1":3,"2":0},"b":{},"_coverageSchema":"332fd63041d2c1bcb487cc26dd0d5f7d97098a6c","hash":"00ddf47a35ceb0b91b6ca3a7074baca8aaa16443"}
,"D:\\ReactMentoring\\task_5\\ReactMentoring\\src\\client\\components\\ResultsSort.jsx": {"path":"D:\\ReactMentoring\\task_5\\ReactMentoring\\src\\client\\components\\ResultsSort.jsx","statementMap":{"0":{"start":{"line":16,"column":4},"end":{"line":16,"column":17}},"1":{"start":{"line":17,"column":4},"end":{"line":17,"column":71}},"2":{"start":{"line":22,"column":4},"end":{"line":22,"column":44}},"3":{"start":{"line":26,"column":4},"end":{"line":75,"column":6}},"4":{"start":{"line":79,"column":24},"end":{"line":82,"column":2}},"5":{"start":{"line":79,"column":34},"end":{"line":82,"column":1}},"6":{"start":{"line":84,"column":27},"end":{"line":86,"column":12}},"7":{"start":{"line":84,"column":39},"end":{"line":86,"column":12}}},"fnMap":{"0":{"name":"(anonymous_0)","decl":{"start":{"line":15,"column":2},"end":{"line":15,"column":3}},"loc":{"start":{"line":15,"column":21},"end":{"line":18,"column":3}},"line":15},"1":{"name":"(anonymous_1)","decl":{"start":{"line":21,"column":2},"end":{"line":21,"column":3}},"loc":{"start":{"line":21,"column":24},"end":{"line":23,"column":3}},"line":21},"2":{"name":"(anonymous_2)","decl":{"start":{"line":25,"column":2},"end":{"line":25,"column":3}},"loc":{"start":{"line":25,"column":11},"end":{"line":76,"column":3}},"line":25},"3":{"name":"(anonymous_3)","decl":{"start":{"line":79,"column":24},"end":{"line":79,"column":25}},"loc":{"start":{"line":79,"column":34},"end":{"line":82,"column":1}},"line":79},"4":{"name":"(anonymous_4)","decl":{"start":{"line":84,"column":27},"end":{"line":84,"column":28}},"loc":{"start":{"line":84,"column":39},"end":{"line":86,"column":12}},"line":84}},"branchMap":{"0":{"loc":{"start":{"line":32,"column":26},"end":{"line":32,"column":82}},"type":"cond-expr","locations":[{"start":{"line":32,"column":64},"end":{"line":32,"column":77}},{"start":{"line":32,"column":80},"end":{"line":32,"column":82}}],"line":32},"1":{"loc":{"start":{"line":39,"column":26},"end":{"line":39,"column":82}},"type":"cond-expr","locations":[{"start":{"line":39,"column":64},"end":{"line":39,"column":77}},{"start":{"line":39,"column":80},"end":{"line":39,"column":82}}],"line":39}},"s":{"0":1,"1":1,"2":0,"3":1,"4":3,"5":0,"6":3,"7":0},"f":{"0":1,"1":0,"2":1,"3":0,"4":0},"b":{"0":[0,1],"1":[0,1]},"_coverageSchema":"332fd63041d2c1bcb487cc26dd0d5f7d97098a6c","hash":"4f93a981bd7034df84ded93f3087b11eb8c8d768"}
,"D:\\ReactMentoring\\task_5\\ReactMentoring\\src\\client\\components\\SearchBlock.jsx": {"path":"D:\\ReactMentoring\\task_5\\ReactMentoring\\src\\client\\components\\SearchBlock.jsx","statementMap":{"0":{"start":{"line":20,"column":4},"end":{"line":20,"column":17}},"1":{"start":{"line":22,"column":4},"end":{"line":22,"column":59}},"2":{"start":{"line":23,"column":4},"end":{"line":23,"column":77}},"3":{"start":{"line":27,"column":4},"end":{"line":27,"column":49}},"4":{"start":{"line":31,"column":4},"end":{"line":31,"column":23}},"5":{"start":{"line":32,"column":4},"end":{"line":34,"column":5}},"6":{"start":{"line":33,"column":6},"end":{"line":33,"column":13}},"7":{"start":{"line":35,"column":4},"end":{"line":35,"column":46}},"8":{"start":{"line":39,"column":4},"end":{"line":93,"column":6}},"9":{"start":{"line":97,"column":24},"end":{"line":100,"column":2}},"10":{"start":{"line":97,"column":34},"end":{"line":100,"column":1}},"11":{"start":{"line":102,"column":27},"end":{"line":104,"column":12}},"12":{"start":{"line":102,"column":39},"end":{"line":104,"column":12}}},"fnMap":{"0":{"name":"(anonymous_0)","decl":{"start":{"line":19,"column":2},"end":{"line":19,"column":3}},"loc":{"start":{"line":19,"column":21},"end":{"line":24,"column":3}},"line":19},"1":{"name":"(anonymous_1)","decl":{"start":{"line":26,"column":2},"end":{"line":26,"column":3}},"loc":{"start":{"line":26,"column":27},"end":{"line":28,"column":3}},"line":26},"2":{"name":"(anonymous_2)","decl":{"start":{"line":30,"column":2},"end":{"line":30,"column":3}},"loc":{"start":{"line":30,"column":18},"end":{"line":36,"column":3}},"line":30},"3":{"name":"(anonymous_3)","decl":{"start":{"line":38,"column":2},"end":{"line":38,"column":3}},"loc":{"start":{"line":38,"column":11},"end":{"line":94,"column":3}},"line":38},"4":{"name":"(anonymous_4)","decl":{"start":{"line":97,"column":24},"end":{"line":97,"column":25}},"loc":{"start":{"line":97,"column":34},"end":{"line":100,"column":1}},"line":97},"5":{"name":"(anonymous_5)","decl":{"start":{"line":102,"column":27},"end":{"line":102,"column":28}},"loc":{"start":{"line":102,"column":39},"end":{"line":104,"column":12}},"line":102}},"branchMap":{"0":{"loc":{"start":{"line":32,"column":4},"end":{"line":34,"column":5}},"type":"if","locations":[{"start":{"line":32,"column":4},"end":{"line":34,"column":5}},{"start":{"line":32,"column":4},"end":{"line":34,"column":5}}],"line":32}},"s":{"0":1,"1":1,"2":1,"3":0,"4":0,"5":0,"6":0,"7":0,"8":1,"9":3,"10":0,"11":3,"12":0},"f":{"0":1,"1":0,"2":0,"3":1,"4":0,"5":0},"b":{"0":[0,0]},"_coverageSchema":"332fd63041d2c1bcb487cc26dd0d5f7d97098a6c","hash":"b86c3e256d917b04a321b1eeb6cf5b2b99ab5d6a"}
,"D:\\ReactMentoring\\task_5\\ReactMentoring\\src\\client\\components\\SearchByButtons.jsx": {"path":"D:\\ReactMentoring\\task_5\\ReactMentoring\\src\\client\\components\\SearchByButtons.jsx","statementMap":{"0":{"start":{"line":15,"column":4},"end":{"line":15,"column":17}},"1":{"start":{"line":16,"column":4},"end":{"line":16,"column":75}},"2":{"start":{"line":20,"column":4},"end":{"line":20,"column":46}},"3":{"start":{"line":24,"column":4},"end":{"line":45,"column":6}},"4":{"start":{"line":49,"column":24},"end":{"line":51,"column":2}},"5":{"start":{"line":49,"column":34},"end":{"line":51,"column":1}},"6":{"start":{"line":53,"column":27},"end":{"line":55,"column":12}},"7":{"start":{"line":53,"column":39},"end":{"line":55,"column":12}}},"fnMap":{"0":{"name":"(anonymous_0)","decl":{"start":{"line":14,"column":2},"end":{"line":14,"column":3}},"loc":{"start":{"line":14,"column":21},"end":{"line":17,"column":3}},"line":14},"1":{"name":"(anonymous_1)","decl":{"start":{"line":19,"column":2},"end":{"line":19,"column":3}},"loc":{"start":{"line":19,"column":26},"end":{"line":21,"column":3}},"line":19},"2":{"name":"(anonymous_2)","decl":{"start":{"line":23,"column":2},"end":{"line":23,"column":3}},"loc":{"start":{"line":23,"column":11},"end":{"line":46,"column":3}},"line":23},"3":{"name":"(anonymous_3)","decl":{"start":{"line":49,"column":24},"end":{"line":49,"column":25}},"loc":{"start":{"line":49,"column":34},"end":{"line":51,"column":1}},"line":49},"4":{"name":"(anonymous_4)","decl":{"start":{"line":53,"column":27},"end":{"line":53,"column":28}},"loc":{"start":{"line":53,"column":39},"end":{"line":55,"column":12}},"line":53}},"branchMap":{"0":{"loc":{"start":{"line":27,"column":29},"end":{"line":27,"column":101}},"type":"cond-expr","locations":[{"start":{"line":27,"column":62},"end":{"line":27,"column":87}},{"start":{"line":27,"column":90},"end":{"line":27,"column":101}}],"line":27},"1":{"loc":{"start":{"line":28,"column":29},"end":{"line":28,"column":102}},"type":"cond-expr","locations":[{"start":{"line":28,"column":63},"end":{"line":28,"column":88}},{"start":{"line":28,"column":91},"end":{"line":28,"column":102}}],"line":28}},"s":{"0":1,"1":1,"2":0,"3":1,"4":4,"5":0,"6":4,"7":0},"f":{"0":1,"1":0,"2":1,"3":0,"4":0},"b":{"0":[0,1],"1":[0,1]},"_coverageSchema":"332fd63041d2c1bcb487cc26dd0d5f7d97098a6c","hash":"14bf427a7e7e5bc32c10ae687f20c71227433572"}
,"D:\\ReactMentoring\\task_5\\ReactMentoring\\src\\client\\containers\\HomePage.jsx": {"path":"D:\\ReactMentoring\\task_5\\ReactMentoring\\src\\client\\containers\\HomePage.jsx","statementMap":{"0":{"start":{"line":24,"column":32},"end":{"line":24,"column":42}},"1":{"start":{"line":25,"column":4},"end":{"line":41,"column":6}},"2":{"start":{"line":45,"column":24},"end":{"line":48,"column":2}},"3":{"start":{"line":45,"column":34},"end":{"line":48,"column":1}}},"fnMap":{"0":{"name":"(anonymous_0)","decl":{"start":{"line":23,"column":2},"end":{"line":23,"column":3}},"loc":{"start":{"line":23,"column":11},"end":{"line":42,"column":3}},"line":23},"1":{"name":"(anonymous_1)","decl":{"start":{"line":45,"column":24},"end":{"line":45,"column":25}},"loc":{"start":{"line":45,"column":34},"end":{"line":48,"column":1}},"line":45}},"branchMap":{"0":{"loc":{"start":{"line":29,"column":11},"end":{"line":36,"column":33}},"type":"cond-expr","locations":[{"start":{"line":30,"column":12},"end":{"line":30,"column":33}},{"start":{"line":31,"column":14},"end":{"line":36,"column":33}}],"line":29},"1":{"loc":{"start":{"line":31,"column":14},"end":{"line":36,"column":33}},"type":"cond-expr","locations":[{"start":{"line":32,"column":10},"end":{"line":35,"column":27}},{"start":{"line":36,"column":12},"end":{"line":36,"column":33}}],"line":31}},"s":{"0":1,"1":1,"2":2,"3":0},"f":{"0":1,"1":0},"b":{"0":[0,1],"1":[0,1]},"_coverageSchema":"332fd63041d2c1bcb487cc26dd0d5f7d97098a6c","hash":"7f97f7b22d9cd4c3f97e964d2a8315d45c760b96"}
,"D:\\ReactMentoring\\task_5\\ReactMentoring\\src\\client\\containers\\MoviePage.jsx": {"path":"D:\\ReactMentoring\\task_5\\ReactMentoring\\src\\client\\containers\\MoviePage.jsx","statementMap":{"0":{"start":{"line":30,"column":6},"end":{"line":30,"column":56}},"1":{"start":{"line":34,"column":4},"end":{"line":34,"column":59}},"2":{"start":{"line":35,"column":4},"end":{"line":35,"column":109}},"3":{"start":{"line":35,"column":42},"end":{"line":35,"column":107}},"4":{"start":{"line":39,"column":4},"end":{"line":48,"column":6}},"5":{"start":{"line":52,"column":24},"end":{"line":54,"column":2}},"6":{"start":{"line":52,"column":47},"end":{"line":54,"column":1}},"7":{"start":{"line":56,"column":27},"end":{"line":58,"column":12}},"8":{"start":{"line":56,"column":39},"end":{"line":58,"column":12}}},"fnMap":{"0":{"name":"(anonymous_0)","decl":{"start":{"line":29,"column":2},"end":{"line":29,"column":3}},"loc":{"start":{"line":29,"column":36},"end":{"line":31,"column":5}},"line":29},"1":{"name":"(anonymous_1)","decl":{"start":{"line":33,"column":2},"end":{"line":33,"column":3}},"loc":{"start":{"line":33,"column":23},"end":{"line":36,"column":3}},"line":33},"2":{"name":"(anonymous_2)","decl":{"start":{"line":38,"column":2},"end":{"line":38,"column":3}},"loc":{"start":{"line":38,"column":11},"end":{"line":49,"column":3}},"line":38},"3":{"name":"(anonymous_3)","decl":{"start":{"line":52,"column":24},"end":{"line":52,"column":25}},"loc":{"start":{"line":52,"column":47},"end":{"line":54,"column":1}},"line":52},"4":{"name":"(anonymous_4)","decl":{"start":{"line":56,"column":27},"end":{"line":56,"column":28}},"loc":{"start":{"line":56,"column":39},"end":{"line":58,"column":12}},"line":56}},"branchMap":{"0":{"loc":{"start":{"line":35,"column":4},"end":{"line":35,"column":109}},"type":"if","locations":[{"start":{"line":35,"column":4},"end":{"line":35,"column":109}},{"start":{"line":35,"column":4},"end":{"line":35,"column":109}}],"line":35}},"s":{"0":0,"1":1,"2":1,"3":1,"4":1,"5":2,"6":0,"7":2,"8":0},"f":{"0":0,"1":1,"2":1,"3":0,"4":0},"b":{"0":[1,0]},"_coverageSchema":"332fd63041d2c1bcb487cc26dd0d5f7d97098a6c","hash":"180f6c02ba9755235a6c54510120178012ffda5a"}
,"D:\\ReactMentoring\\task_5\\ReactMentoring\\src\\client\\containers\\NotFoundPage.jsx": {"path":"D:\\ReactMentoring\\task_5\\ReactMentoring\\src\\client\\containers\\NotFoundPage.jsx","statementMap":{"0":{"start":{"line":8,"column":21},"end":{"line":16,"column":5}},"1":{"start":{"line":9,"column":6},"end":{"line":15,"column":23}}},"fnMap":{"0":{"name":"(anonymous_0)","decl":{"start":{"line":8,"column":21},"end":{"line":8,"column":22}},"loc":{"start":{"line":9,"column":6},"end":{"line":15,"column":23}},"line":9}},"branchMap":{},"s":{"0":2,"1":1},"f":{"0":1},"b":{},"_coverageSchema":"332fd63041d2c1bcb487cc26dd0d5f7d97098a6c","hash":"5df1b6ed4d110bd5a452f82749b4d39357d1d309"}
,"D:\\ReactMentoring\\task_5\\ReactMentoring\\src\\client\\reducers\\gallery.js": {"path":"D:\\ReactMentoring\\task_5\\ReactMentoring\\src\\client\\reducers\\gallery.js","statementMap":{"0":{"start":{"line":11,"column":29},"end":{"line":20,"column":1}},"1":{"start":{"line":23,"column":2},"end":{"line":65,"column":3}},"2":{"start":{"line":25,"column":6},"end":{"line":28,"column":8}},"3":{"start":{"line":30,"column":6},"end":{"line":35,"column":8}},"4":{"start":{"line":37,"column":6},"end":{"line":41,"column":8}},"5":{"start":{"line":43,"column":6},"end":{"line":46,"column":8}},"6":{"start":{"line":48,"column":6},"end":{"line":51,"column":8}},"7":{"start":{"line":53,"column":6},"end":{"line":56,"column":8}},"8":{"start":{"line":58,"column":6},"end":{"line":61,"column":8}},"9":{"start":{"line":64,"column":6},"end":{"line":64,"column":19}}},"fnMap":{"0":{"name":"(anonymous_0)","decl":{"start":{"line":22,"column":15},"end":{"line":22,"column":16}},"loc":{"start":{"line":22,"column":55},"end":{"line":66,"column":1}},"line":22}},"branchMap":{"0":{"loc":{"start":{"line":22,"column":16},"end":{"line":22,"column":37}},"type":"default-arg","locations":[{"start":{"line":22,"column":24},"end":{"line":22,"column":37}}],"line":22},"1":{"loc":{"start":{"line":22,"column":39},"end":{"line":22,"column":50}},"type":"default-arg","locations":[{"start":{"line":22,"column":48},"end":{"line":22,"column":50}}],"line":22},"2":{"loc":{"start":{"line":23,"column":2},"end":{"line":65,"column":3}},"type":"switch","locations":[{"start":{"line":24,"column":4},"end":{"line":28,"column":8}},{"start":{"line":29,"column":4},"end":{"line":35,"column":8}},{"start":{"line":36,"column":4},"end":{"line":41,"column":8}},{"start":{"line":42,"column":4},"end":{"line":46,"column":8}},{"start":{"line":47,"column":4},"end":{"line":51,"column":8}},{"start":{"line":52,"column":4},"end":{"line":56,"column":8}},{"start":{"line":57,"column":4},"end":{"line":61,"column":8}},{"start":{"line":63,"column":4},"end":{"line":64,"column":19}}],"line":23}},"s":{"0":1,"1":10,"2":1,"3":1,"4":1,"5":1,"6":2,"7":2,"8":1,"9":1},"f":{"0":10},"b":{"0":[1],"1":[0],"2":[1,1,1,1,2,2,1,1]},"_coverageSchema":"332fd63041d2c1bcb487cc26dd0d5f7d97098a6c","hash":"f9076d5090daaaa56c69a26bdec919492ec7d5aa"}
,"D:\\ReactMentoring\\task_5\\ReactMentoring\\test\\jestsetup.js": {"path":"D:\\ReactMentoring\\task_5\\ReactMentoring\\test\\jestsetup.js","statementMap":{"0":{"start":{"line":4,"column":0},"end":{"line":4,"column":45}},"1":{"start":{"line":6,"column":0},"end":{"line":6,"column":25}},"2":{"start":{"line":7,"column":0},"end":{"line":7,"column":23}},"3":{"start":{"line":8,"column":0},"end":{"line":8,"column":21}}},"fnMap":{},"branchMap":{},"s":{"0":20,"1":20,"2":20,"3":20},"f":{},"b":{},"_coverageSchema":"332fd63041d2c1bcb487cc26dd0d5f7d97098a6c","hash":"f224936a08a8aed6b5f4a337475c832c193eda03"}
,"D:\\ReactMentoring\\task_5\\ReactMentoring\\test\\moviesArr.js": {"path":"D:\\ReactMentoring\\task_5\\ReactMentoring\\test\\moviesArr.js","statementMap":{"0":{"start":{"line":1,"column":18},"end":{"line":61,"column":1}}},"fnMap":{},"branchMap":{},"s":{"0":8},"f":{},"b":{},"_coverageSchema":"332fd63041d2c1bcb487cc26dd0d5f7d97098a6c","hash":"a90bc9ad39834e3f39ff67d0a3dd6656b1341998"}
}
