TN:
SF:D:\ReactMentoring\task_5\ReactMentoring\lib\client\app.js
FN:21,_interopRequireDefault
FN:23,App
FNF:2
FNH:2
FNDA:2,_interopRequireDefault
FNDA:1,App
DA:3,1
DA:7,1
DA:9,1
DA:11,1
DA:13,1
DA:15,1
DA:17,1
DA:19,1
DA:21,2
DA:23,1
DA:24,1
DA:57,1
LF:12
LH:12
BRDA:21,0,0,1
BRDA:21,0,1,1
BRDA:21,1,0,2
BRDA:21,1,1,2
BRF:4
BRH:4
end_of_record
TN:
SF:D:\ReactMentoring\task_5\ReactMentoring\lib\client\routes.js
FN:19,_interopRequireDefault
FNF:1
FNH:1
FNDA:3,_interopRequireDefault
DA:3,1
DA:7,1
DA:9,1
DA:11,1
DA:13,1
DA:15,1
DA:17,1
DA:19,3
DA:21,1
LF:9
LH:9
BRDA:19,0,0,3
BRDA:19,0,1,0
BRDA:19,1,0,3
BRDA:19,1,1,3
BRF:4
BRH:3
end_of_record
TN:
SF:D:\ReactMentoring\task_5\ReactMentoring\lib\client\actions\index.js
FN:26,loadGallery
FN:32,updateMovieById
FN:39,updateGallery
FN:46,updateRelatedMovies
FN:53,changeSearchInput
FN:60,changeSearchBy
FN:67,changeSortBy
FN:74,setCurrentMovie
FN:81,fetchGallery
FN:83,(anonymous_9)
FN:86,(anonymous_10)
FN:88,(anonymous_11)
FN:94,fetchMovie
FN:95,(anonymous_13)
FN:97,(anonymous_14)
FN:99,(anonymous_15)
FN:105,fetchRelatedMovies
FN:106,(anonymous_17)
FN:109,(anonymous_18)
FN:111,(anonymous_19)
FNF:20
FNH:20
FNDA:2,loadGallery
FNDA:1,updateMovieById
FNDA:2,updateGallery
FNDA:2,updateRelatedMovies
FNDA:1,changeSearchInput
FNDA:1,changeSearchBy
FNDA:1,changeSortBy
FNDA:2,setCurrentMovie
FNDA:1,fetchGallery
FNDA:1,(anonymous_9)
FNDA:1,(anonymous_10)
FNDA:1,(anonymous_11)
FNDA:2,fetchMovie
FNDA:1,(anonymous_13)
FNDA:1,(anonymous_14)
FNDA:1,(anonymous_15)
FNDA:2,fetchRelatedMovies
FNDA:1,(anonymous_17)
FNDA:1,(anonymous_18)
FNDA:1,(anonymous_19)
DA:3,12
DA:6,12
DA:7,12
DA:8,12
DA:9,12
DA:10,12
DA:11,12
DA:12,12
DA:13,12
DA:15,12
DA:26,12
DA:27,2
DA:32,12
DA:33,1
DA:39,12
DA:40,2
DA:46,12
DA:47,2
DA:53,12
DA:54,1
DA:60,12
DA:61,1
DA:67,12
DA:68,1
DA:74,12
DA:75,2
DA:81,12
DA:82,1
DA:83,1
DA:84,1
DA:85,1
DA:86,1
DA:87,1
DA:89,1
DA:94,12
DA:95,2
DA:96,1
DA:97,1
DA:98,1
DA:100,1
DA:105,12
DA:106,2
DA:107,1
DA:108,1
DA:109,1
DA:110,1
DA:112,1
LF:47
LH:47
BRDA:82,0,0,1
BRDA:82,0,1,0
BRDA:82,1,0,1
BRDA:82,1,1,1
BRF:4
BRH:3
end_of_record
TN:
SF:D:\ReactMentoring\task_5\ReactMentoring\lib\client\components\EmptySearchResult.js
FN:11,_interopRequireDefault
FN:13,EmptySearchResult
FNF:2
FNH:2
FNDA:3,_interopRequireDefault
FNDA:1,EmptySearchResult
DA:3,3
DA:7,3
DA:9,3
DA:11,3
DA:13,3
DA:14,1
DA:26,3
LF:7
LH:7
BRDA:11,0,0,0
BRDA:11,0,1,3
BRDA:11,1,0,3
BRDA:11,1,1,3
BRF:4
BRH:3
end_of_record
TN:
SF:D:\ReactMentoring\task_5\ReactMentoring\lib\client\components\ErrorBoundary.js
FN:7,(anonymous_0)
FN:7,defineProperties
FN:7,(anonymous_2)
FN:13,_interopRequireDefault
FN:15,_classCallCheck
FN:17,_possibleConstructorReturn
FN:19,_inherits
FN:21,(anonymous_7)
FN:24,ErrorBoundary
FN:35,componentDidCatch
FN:43,render
FNF:11
FNH:10
FNDA:5,(anonymous_0)
FNDA:5,defineProperties
FNDA:5,(anonymous_2)
FNDA:5,_interopRequireDefault
FNDA:1,_classCallCheck
FNDA:1,_possibleConstructorReturn
FNDA:5,_inherits
FNDA:5,(anonymous_7)
FNDA:1,ErrorBoundary
FNDA:0,componentDidCatch
FNDA:1,render
DA:3,5
DA:7,10
DA:9,5
DA:11,5
DA:13,5
DA:15,1
DA:17,1
DA:19,5
DA:21,5
DA:22,5
DA:25,1
DA:27,1
DA:29,1
DA:30,1
DA:33,5
DA:36,0
DA:44,1
DA:45,0
DA:62,1
DA:66,5
DA:69,5
LF:21
LH:19
BRDA:7,0,0,10
BRDA:7,0,1,10
BRDA:7,1,0,10
BRDA:7,1,1,0
BRDA:7,2,0,5
BRDA:7,2,1,0
BRDA:7,3,0,0
BRDA:7,3,1,5
BRDA:13,4,0,0
BRDA:13,4,1,5
BRDA:13,5,0,5
BRDA:13,5,1,5
BRDA:15,6,0,0
BRDA:15,6,1,1
BRDA:17,7,0,0
BRDA:17,7,1,1
BRDA:17,8,0,0
BRDA:17,8,1,1
BRDA:17,9,0,1
BRDA:17,9,1,0
BRDA:17,9,2,0
BRDA:19,10,0,0
BRDA:19,10,1,5
BRDA:19,11,0,5
BRDA:19,11,1,0
BRDA:19,12,0,5
BRDA:19,12,1,5
BRDA:19,13,0,5
BRDA:19,13,1,0
BRDA:19,14,0,5
BRDA:19,14,1,0
BRDA:27,15,0,1
BRDA:27,15,1,0
BRDA:44,16,0,0
BRDA:44,16,1,1
BRDA:56,17,0,0
BRDA:56,17,1,0
BRF:37
BRH:20
end_of_record
TN:
SF:D:\ReactMentoring\task_5\ReactMentoring\lib\client\components\Footer.js
FN:11,_interopRequireDefault
FN:13,Footer
FNF:2
FNH:2
FNDA:5,_interopRequireDefault
FNDA:1,Footer
DA:3,5
DA:7,5
DA:9,5
DA:11,5
DA:13,5
DA:14,1
DA:30,5
LF:7
LH:7
BRDA:11,0,0,0
BRDA:11,0,1,5
BRDA:11,1,0,5
BRDA:11,1,1,5
BRF:4
BRH:3
end_of_record
TN:
SF:D:\ReactMentoring\task_5\ReactMentoring\lib\client\components\Header.js
FN:11,_interopRequireDefault
FN:13,Header
FNF:2
FNH:2
FNDA:7,_interopRequireDefault
FNDA:1,Header
DA:3,7
DA:7,7
DA:9,7
DA:11,7
DA:13,7
DA:14,1
DA:30,7
LF:7
LH:7
BRDA:11,0,0,0
BRDA:11,0,1,7
BRDA:11,1,0,7
BRDA:11,1,1,7
BRF:4
BRH:3
end_of_record
TN:
SF:D:\ReactMentoring\task_5\ReactMentoring\lib\client\components\Movie.js
FN:8,(anonymous_0)
FN:8,defineProperties
FN:8,(anonymous_2)
FN:22,_interopRequireWildcard
FN:24,_classCallCheck
FN:26,_possibleConstructorReturn
FN:28,_inherits
FN:30,(anonymous_7)
FN:33,Movie
FN:44,handleClick
FN:50,render
FN:95,mapDispatchToProps
FNF:12
FNH:10
FNDA:6,(anonymous_0)
FNDA:6,defineProperties
FNDA:6,(anonymous_2)
FNDA:6,_interopRequireWildcard
FNDA:1,_classCallCheck
FNDA:1,_possibleConstructorReturn
FNDA:6,_inherits
FNDA:6,(anonymous_7)
FNDA:1,Movie
FNDA:0,handleClick
FNDA:1,render
FNDA:0,mapDispatchToProps
DA:3,6
DA:6,6
DA:8,12
DA:10,6
DA:12,6
DA:14,6
DA:16,6
DA:18,6
DA:20,6
DA:22,96
DA:24,1
DA:26,1
DA:28,6
DA:30,6
DA:31,6
DA:34,1
DA:36,1
DA:38,1
DA:39,1
DA:42,6
DA:45,0
DA:46,0
DA:51,1
DA:52,1
DA:92,6
DA:95,6
DA:96,0
DA:101,6
LF:28
LH:25
BRDA:8,0,0,12
BRDA:8,0,1,12
BRDA:8,1,0,12
BRDA:8,1,1,0
BRDA:8,2,0,6
BRDA:8,2,1,0
BRDA:8,3,0,0
BRDA:8,3,1,6
BRDA:22,4,0,0
BRDA:22,4,1,6
BRDA:22,5,0,6
BRDA:22,5,1,6
BRDA:22,6,0,6
BRDA:22,6,1,0
BRDA:22,7,0,96
BRDA:22,7,1,0
BRDA:24,8,0,0
BRDA:24,8,1,1
BRDA:26,9,0,0
BRDA:26,9,1,1
BRDA:26,10,0,0
BRDA:26,10,1,1
BRDA:26,11,0,1
BRDA:26,11,1,0
BRDA:26,11,2,0
BRDA:28,12,0,0
BRDA:28,12,1,6
BRDA:28,13,0,6
BRDA:28,13,1,0
BRDA:28,14,0,6
BRDA:28,14,1,6
BRDA:28,15,0,6
BRDA:28,15,1,0
BRDA:28,16,0,6
BRDA:28,16,1,0
BRDA:36,17,0,1
BRDA:36,17,1,0
BRF:37
BRH:21
end_of_record
TN:
SF:D:\ReactMentoring\task_5\ReactMentoring\lib\client\components\MovieInfo.js
FN:8,(anonymous_0)
FN:8,defineProperties
FN:8,(anonymous_2)
FN:20,_interopRequireDefault
FN:22,_interopRequireWildcard
FN:24,_classCallCheck
FN:26,_possibleConstructorReturn
FN:28,_inherits
FN:30,(anonymous_8)
FN:33,MovieInfo
FN:41,render
FN:115,mapStateToProps
FNF:12
FNH:11
FNDA:3,(anonymous_0)
FNDA:3,defineProperties
FNDA:3,(anonymous_2)
FNDA:3,_interopRequireDefault
FNDA:3,_interopRequireWildcard
FNDA:1,_classCallCheck
FNDA:1,_possibleConstructorReturn
FNDA:3,_inherits
FNDA:3,(anonymous_8)
FNDA:1,MovieInfo
FNDA:1,render
FNDA:0,mapStateToProps
DA:3,3
DA:6,3
DA:8,3
DA:10,3
DA:12,3
DA:14,3
DA:16,3
DA:18,3
DA:20,3
DA:22,48
DA:24,1
DA:26,1
DA:28,3
DA:30,3
DA:31,3
DA:34,1
DA:36,1
DA:39,3
DA:42,1
DA:43,1
DA:44,1
DA:45,1
DA:46,1
DA:47,1
DA:48,1
DA:49,1
DA:51,1
DA:112,3
DA:115,3
DA:116,0
DA:121,3
LF:31
LH:30
BRDA:8,0,0,3
BRDA:8,0,1,3
BRDA:8,1,0,3
BRDA:8,1,1,0
BRDA:8,2,0,3
BRDA:8,2,1,0
BRDA:8,3,0,0
BRDA:8,3,1,3
BRDA:20,4,0,3
BRDA:20,4,1,0
BRDA:20,5,0,3
BRDA:20,5,1,3
BRDA:22,6,0,0
BRDA:22,6,1,3
BRDA:22,7,0,3
BRDA:22,7,1,3
BRDA:22,8,0,3
BRDA:22,8,1,0
BRDA:22,9,0,48
BRDA:22,9,1,0
BRDA:24,10,0,0
BRDA:24,10,1,1
BRDA:26,11,0,0
BRDA:26,11,1,1
BRDA:26,12,0,0
BRDA:26,12,1,1
BRDA:26,13,0,1
BRDA:26,13,1,0
BRDA:26,13,2,0
BRDA:28,14,0,0
BRDA:28,14,1,3
BRDA:28,15,0,3
BRDA:28,15,1,0
BRDA:28,16,0,3
BRDA:28,16,1,3
BRDA:28,17,0,3
BRDA:28,17,1,0
BRDA:28,18,0,3
BRDA:28,18,1,0
BRDA:36,19,0,1
BRDA:36,19,1,0
BRF:41
BRH:24
end_of_record
TN:
SF:D:\ReactMentoring\task_5\ReactMentoring\lib\client\components\MovieList.js
FN:8,(anonymous_0)
FN:8,defineProperties
FN:8,(anonymous_2)
FN:20,_interopRequireDefault
FN:22,_interopRequireWildcard
FN:24,_classCallCheck
FN:26,_possibleConstructorReturn
FN:28,_inherits
FN:30,(anonymous_8)
FN:33,MovieList
FN:41,render
FN:46,(anonymous_11)
FN:69,mapStateToProps
FNF:13
FNH:11
FNDA:3,(anonymous_0)
FNDA:3,defineProperties
FNDA:3,(anonymous_2)
FNDA:3,_interopRequireDefault
FNDA:3,_interopRequireWildcard
FNDA:1,_classCallCheck
FNDA:1,_possibleConstructorReturn
FNDA:3,_inherits
FNDA:3,(anonymous_8)
FNDA:1,MovieList
FNDA:1,render
FNDA:0,(anonymous_11)
FNDA:0,mapStateToProps
DA:3,3
DA:6,3
DA:8,3
DA:10,3
DA:12,3
DA:14,3
DA:16,3
DA:18,3
DA:20,3
DA:22,48
DA:24,1
DA:26,1
DA:28,3
DA:30,3
DA:31,3
DA:34,1
DA:36,1
DA:39,3
DA:42,1
DA:43,1
DA:47,0
DA:61,3
DA:64,3
DA:69,3
DA:70,0
DA:75,3
LF:26
LH:24
BRDA:8,0,0,3
BRDA:8,0,1,3
BRDA:8,1,0,3
BRDA:8,1,1,0
BRDA:8,2,0,3
BRDA:8,2,1,0
BRDA:8,3,0,0
BRDA:8,3,1,3
BRDA:20,4,0,3
BRDA:20,4,1,0
BRDA:20,5,0,3
BRDA:20,5,1,3
BRDA:22,6,0,0
BRDA:22,6,1,3
BRDA:22,7,0,3
BRDA:22,7,1,3
BRDA:22,8,0,3
BRDA:22,8,1,0
BRDA:22,9,0,48
BRDA:22,9,1,0
BRDA:24,10,0,0
BRDA:24,10,1,1
BRDA:26,11,0,0
BRDA:26,11,1,1
BRDA:26,12,0,0
BRDA:26,12,1,1
BRDA:26,13,0,1
BRDA:26,13,1,0
BRDA:26,13,2,0
BRDA:28,14,0,0
BRDA:28,14,1,3
BRDA:28,15,0,3
BRDA:28,15,1,0
BRDA:28,16,0,3
BRDA:28,16,1,3
BRDA:28,17,0,3
BRDA:28,17,1,0
BRDA:28,18,0,3
BRDA:28,18,1,0
BRDA:36,19,0,1
BRDA:36,19,1,0
BRF:41
BRH:24
end_of_record
TN:
SF:D:\ReactMentoring\task_5\ReactMentoring\lib\client\components\NotFound.js
FN:11,_interopRequireDefault
FN:13,NotFound
FNF:2
FNH:2
FNDA:3,_interopRequireDefault
FNDA:1,NotFound
DA:3,3
DA:7,3
DA:9,3
DA:11,3
DA:13,3
DA:14,1
DA:26,3
LF:7
LH:7
BRDA:11,0,0,0
BRDA:11,0,1,3
BRDA:11,1,0,3
BRDA:11,1,1,3
BRF:4
BRH:3
end_of_record
TN:
SF:D:\ReactMentoring\task_5\ReactMentoring\lib\client\components\ProposeByGenre.js
FN:8,(anonymous_0)
FN:8,defineProperties
FN:8,(anonymous_2)
FN:16,_interopRequireWildcard
FN:18,_classCallCheck
FN:20,_possibleConstructorReturn
FN:22,_inherits
FN:24,(anonymous_7)
FN:27,ProposeByGenre
FN:35,render
FN:58,mapStateToProps
FNF:11
FNH:10
FNDA:3,(anonymous_0)
FNDA:3,defineProperties
FNDA:3,(anonymous_2)
FNDA:3,_interopRequireWildcard
FNDA:1,_classCallCheck
FNDA:1,_possibleConstructorReturn
FNDA:3,_inherits
FNDA:3,(anonymous_7)
FNDA:1,ProposeByGenre
FNDA:1,render
FNDA:0,mapStateToProps
DA:3,3
DA:6,3
DA:8,3
DA:10,3
DA:12,3
DA:14,3
DA:16,48
DA:18,1
DA:20,1
DA:22,3
DA:24,3
DA:25,3
DA:28,1
DA:30,1
DA:33,3
DA:36,1
DA:55,3
DA:58,3
DA:59,0
DA:64,3
LF:20
LH:19
BRDA:8,0,0,3
BRDA:8,0,1,3
BRDA:8,1,0,3
BRDA:8,1,1,0
BRDA:8,2,0,3
BRDA:8,2,1,0
BRDA:8,3,0,0
BRDA:8,3,1,3
BRDA:16,4,0,0
BRDA:16,4,1,3
BRDA:16,5,0,3
BRDA:16,5,1,3
BRDA:16,6,0,3
BRDA:16,6,1,0
BRDA:16,7,0,48
BRDA:16,7,1,0
BRDA:18,8,0,0
BRDA:18,8,1,1
BRDA:20,9,0,0
BRDA:20,9,1,1
BRDA:20,10,0,0
BRDA:20,10,1,1
BRDA:20,11,0,1
BRDA:20,11,1,0
BRDA:20,11,2,0
BRDA:22,12,0,0
BRDA:22,12,1,3
BRDA:22,13,0,3
BRDA:22,13,1,0
BRDA:22,14,0,3
BRDA:22,14,1,3
BRDA:22,15,0,3
BRDA:22,15,1,0
BRDA:22,16,0,3
BRDA:22,16,1,0
BRDA:30,17,0,1
BRDA:30,17,1,0
BRDA:43,18,0,1
BRDA:43,18,1,0
BRF:39
BRH:22
end_of_record
TN:
SF:D:\ReactMentoring\task_5\ReactMentoring\lib\client\components\RelatedMovies.js
FN:8,(anonymous_0)
FN:8,defineProperties
FN:8,(anonymous_2)
FN:20,_interopRequireDefault
FN:22,_interopRequireWildcard
FN:24,_classCallCheck
FN:26,_possibleConstructorReturn
FN:28,_inherits
FN:30,(anonymous_8)
FN:33,RelatedMovies
FN:41,render
FN:46,(anonymous_11)
FN:69,mapStateToProps
FNF:13
FNH:12
FNDA:3,(anonymous_0)
FNDA:3,defineProperties
FNDA:3,(anonymous_2)
FNDA:3,_interopRequireDefault
FNDA:3,_interopRequireWildcard
FNDA:1,_classCallCheck
FNDA:1,_possibleConstructorReturn
FNDA:3,_inherits
FNDA:3,(anonymous_8)
FNDA:1,RelatedMovies
FNDA:1,render
FNDA:3,(anonymous_11)
FNDA:0,mapStateToProps
DA:3,3
DA:6,3
DA:8,3
DA:10,3
DA:12,3
DA:14,3
DA:16,3
DA:18,3
DA:20,3
DA:22,48
DA:24,1
DA:26,1
DA:28,3
DA:30,3
DA:31,3
DA:34,1
DA:36,1
DA:39,3
DA:42,1
DA:43,1
DA:47,3
DA:61,3
DA:64,3
DA:69,3
DA:70,0
DA:75,3
LF:26
LH:25
BRDA:8,0,0,3
BRDA:8,0,1,3
BRDA:8,1,0,3
BRDA:8,1,1,0
BRDA:8,2,0,3
BRDA:8,2,1,0
BRDA:8,3,0,0
BRDA:8,3,1,3
BRDA:20,4,0,3
BRDA:20,4,1,0
BRDA:20,5,0,3
BRDA:20,5,1,3
BRDA:22,6,0,0
BRDA:22,6,1,3
BRDA:22,7,0,3
BRDA:22,7,1,3
BRDA:22,8,0,3
BRDA:22,8,1,0
BRDA:22,9,0,48
BRDA:22,9,1,0
BRDA:24,10,0,0
BRDA:24,10,1,1
BRDA:26,11,0,0
BRDA:26,11,1,1
BRDA:26,12,0,0
BRDA:26,12,1,1
BRDA:26,13,0,1
BRDA:26,13,1,0
BRDA:26,13,2,0
BRDA:28,14,0,0
BRDA:28,14,1,3
BRDA:28,15,0,3
BRDA:28,15,1,0
BRDA:28,16,0,3
BRDA:28,16,1,3
BRDA:28,17,0,3
BRDA:28,17,1,0
BRDA:28,18,0,3
BRDA:28,18,1,0
BRDA:36,19,0,1
BRDA:36,19,1,0
BRF:41
BRH:24
end_of_record
TN:
SF:D:\ReactMentoring\task_5\ReactMentoring\lib\client\components\ResultsSort.js
FN:8,(anonymous_0)
FN:8,defineProperties
FN:8,(anonymous_2)
FN:20,_interopRequireWildcard
FN:22,_classCallCheck
FN:24,_possibleConstructorReturn
FN:26,_inherits
FN:28,(anonymous_7)
FN:31,ResultsSort
FN:42,handleSortByChange
FN:47,render
FN:100,mapStateToProps
FN:107,mapDispatchToProps
FNF:13
FNH:10
FNDA:3,(anonymous_0)
FNDA:3,defineProperties
FNDA:3,(anonymous_2)
FNDA:3,_interopRequireWildcard
FNDA:1,_classCallCheck
FNDA:1,_possibleConstructorReturn
FNDA:3,_inherits
FNDA:3,(anonymous_7)
FNDA:1,ResultsSort
FNDA:0,handleSortByChange
FNDA:1,render
FNDA:0,mapStateToProps
FNDA:0,mapDispatchToProps
DA:3,3
DA:6,3
DA:8,6
DA:10,3
DA:12,3
DA:14,3
DA:16,3
DA:18,3
DA:20,48
DA:22,1
DA:24,1
DA:26,3
DA:28,3
DA:29,3
DA:32,1
DA:34,1
DA:36,1
DA:37,1
DA:40,3
DA:43,0
DA:48,1
DA:97,3
DA:100,3
DA:101,0
DA:107,3
DA:108,0
DA:113,3
LF:27
LH:24
BRDA:8,0,0,6
BRDA:8,0,1,6
BRDA:8,1,0,6
BRDA:8,1,1,0
BRDA:8,2,0,3
BRDA:8,2,1,0
BRDA:8,3,0,0
BRDA:8,3,1,3
BRDA:20,4,0,0
BRDA:20,4,1,3
BRDA:20,5,0,3
BRDA:20,5,1,3
BRDA:20,6,0,3
BRDA:20,6,1,0
BRDA:20,7,0,48
BRDA:20,7,1,0
BRDA:22,8,0,0
BRDA:22,8,1,1
BRDA:24,9,0,0
BRDA:24,9,1,1
BRDA:24,10,0,0
BRDA:24,10,1,1
BRDA:24,11,0,1
BRDA:24,11,1,0
BRDA:24,11,2,0
BRDA:26,12,0,0
BRDA:26,12,1,3
BRDA:26,13,0,3
BRDA:26,13,1,0
BRDA:26,14,0,3
BRDA:26,14,1,3
BRDA:26,15,0,3
BRDA:26,15,1,0
BRDA:26,16,0,3
BRDA:26,16,1,0
BRDA:34,17,0,1
BRDA:34,17,1,0
BRDA:65,18,0,0
BRDA:65,18,1,1
BRDA:74,19,0,0
BRDA:74,19,1,1
BRF:41
BRH:23
end_of_record
TN:
SF:D:\ReactMentoring\task_5\ReactMentoring\lib\client\components\SearchBlock.js
FN:8,(anonymous_0)
FN:8,defineProperties
FN:8,(anonymous_2)
FN:28,_interopRequireDefault
FN:30,_interopRequireWildcard
FN:32,_classCallCheck
FN:34,_possibleConstructorReturn
FN:36,_inherits
FN:38,(anonymous_8)
FN:41,SearchBlock
FN:53,handleInputTextChange
FN:58,handleSubmit
FN:67,render
FN:108,mapStateToProps
FN:115,mapDispatchToProps
FNF:15
FNH:11
FNDA:3,(anonymous_0)
FNDA:3,defineProperties
FNDA:3,(anonymous_2)
FNDA:6,_interopRequireDefault
FNDA:3,_interopRequireWildcard
FNDA:1,_classCallCheck
FNDA:1,_possibleConstructorReturn
FNDA:3,_inherits
FNDA:3,(anonymous_8)
FNDA:1,SearchBlock
FNDA:0,handleInputTextChange
FNDA:0,handleSubmit
FNDA:1,render
FNDA:0,mapStateToProps
FNDA:0,mapDispatchToProps
DA:3,3
DA:6,3
DA:8,9
DA:10,3
DA:12,3
DA:14,3
DA:16,3
DA:18,3
DA:20,3
DA:22,3
DA:24,3
DA:26,3
DA:28,6
DA:30,48
DA:32,1
DA:34,1
DA:36,3
DA:38,3
DA:39,3
DA:42,1
DA:44,1
DA:46,1
DA:47,1
DA:48,1
DA:51,3
DA:54,0
DA:59,0
DA:60,0
DA:61,0
DA:63,0
DA:68,1
DA:105,3
DA:108,3
DA:109,0
DA:115,3
DA:116,0
DA:121,3
LF:37
LH:30
BRDA:8,0,0,9
BRDA:8,0,1,9
BRDA:8,1,0,9
BRDA:8,1,1,0
BRDA:8,2,0,3
BRDA:8,2,1,0
BRDA:8,3,0,0
BRDA:8,3,1,3
BRDA:28,4,0,6
BRDA:28,4,1,0
BRDA:28,5,0,6
BRDA:28,5,1,6
BRDA:30,6,0,0
BRDA:30,6,1,3
BRDA:30,7,0,3
BRDA:30,7,1,3
BRDA:30,8,0,3
BRDA:30,8,1,0
BRDA:30,9,0,48
BRDA:30,9,1,0
BRDA:32,10,0,0
BRDA:32,10,1,1
BRDA:34,11,0,0
BRDA:34,11,1,1
BRDA:34,12,0,0
BRDA:34,12,1,1
BRDA:34,13,0,1
BRDA:34,13,1,0
BRDA:34,13,2,0
BRDA:36,14,0,0
BRDA:36,14,1,3
BRDA:36,15,0,3
BRDA:36,15,1,0
BRDA:36,16,0,3
BRDA:36,16,1,3
BRDA:36,17,0,3
BRDA:36,17,1,0
BRDA:36,18,0,3
BRDA:36,18,1,0
BRDA:44,19,0,1
BRDA:44,19,1,0
BRDA:60,20,0,0
BRDA:60,20,1,0
BRF:43
BRH:24
end_of_record
TN:
SF:D:\ReactMentoring\task_5\ReactMentoring\lib\client\components\SearchByButtons.js
FN:8,(anonymous_0)
FN:8,defineProperties
FN:8,(anonymous_2)
FN:20,_interopRequireWildcard
FN:22,_classCallCheck
FN:24,_possibleConstructorReturn
FN:26,_inherits
FN:28,(anonymous_7)
FN:31,SearchByButtons
FN:42,handleSearchByChange
FN:47,render
FN:78,mapStateToProps
FN:84,mapDispatchToProps
FNF:13
FNH:10
FNDA:4,(anonymous_0)
FNDA:4,defineProperties
FNDA:4,(anonymous_2)
FNDA:4,_interopRequireWildcard
FNDA:1,_classCallCheck
FNDA:1,_possibleConstructorReturn
FNDA:4,_inherits
FNDA:4,(anonymous_7)
FNDA:1,SearchByButtons
FNDA:0,handleSearchByChange
FNDA:1,render
FNDA:0,mapStateToProps
FNDA:0,mapDispatchToProps
DA:3,4
DA:6,4
DA:8,8
DA:10,4
DA:12,4
DA:14,4
DA:16,4
DA:18,4
DA:20,64
DA:22,1
DA:24,1
DA:26,4
DA:28,4
DA:29,4
DA:32,1
DA:34,1
DA:36,1
DA:37,1
DA:40,4
DA:43,0
DA:48,1
DA:75,4
DA:78,4
DA:79,0
DA:84,4
DA:85,0
DA:90,4
LF:27
LH:24
BRDA:8,0,0,8
BRDA:8,0,1,8
BRDA:8,1,0,8
BRDA:8,1,1,0
BRDA:8,2,0,4
BRDA:8,2,1,0
BRDA:8,3,0,0
BRDA:8,3,1,4
BRDA:20,4,0,0
BRDA:20,4,1,4
BRDA:20,5,0,4
BRDA:20,5,1,4
BRDA:20,6,0,4
BRDA:20,6,1,0
BRDA:20,7,0,64
BRDA:20,7,1,0
BRDA:22,8,0,0
BRDA:22,8,1,1
BRDA:24,9,0,0
BRDA:24,9,1,1
BRDA:24,10,0,0
BRDA:24,10,1,1
BRDA:24,11,0,1
BRDA:24,11,1,0
BRDA:24,11,2,0
BRDA:26,12,0,0
BRDA:26,12,1,4
BRDA:26,13,0,4
BRDA:26,13,1,0
BRDA:26,14,0,4
BRDA:26,14,1,4
BRDA:26,15,0,4
BRDA:26,15,1,0
BRDA:26,16,0,4
BRDA:26,16,1,0
BRDA:34,17,0,1
BRDA:34,17,1,0
BRDA:58,18,0,0
BRDA:58,18,1,1
BRDA:63,19,0,0
BRDA:63,19,1,1
BRF:41
BRH:23
end_of_record
TN:
SF:D:\ReactMentoring\task_5\ReactMentoring\lib\client\containers\HomePage.js
FN:8,(anonymous_0)
FN:8,defineProperties
FN:8,(anonymous_2)
FN:40,_interopRequireDefault
FN:42,_interopRequireWildcard
FN:44,_classCallCheck
FN:46,_possibleConstructorReturn
FN:48,_inherits
FN:50,(anonymous_8)
FN:53,HomePage
FN:61,render
FN:98,mapStateToProps
FNF:12
FNH:11
FNDA:2,(anonymous_0)
FNDA:2,defineProperties
FNDA:2,(anonymous_2)
FNDA:12,_interopRequireDefault
FNDA:2,_interopRequireWildcard
FNDA:1,_classCallCheck
FNDA:1,_possibleConstructorReturn
FNDA:2,_inherits
FNDA:2,(anonymous_8)
FNDA:1,HomePage
FNDA:1,render
FNDA:0,mapStateToProps
DA:3,2
DA:6,2
DA:8,2
DA:10,2
DA:12,2
DA:14,2
DA:16,2
DA:18,2
DA:20,2
DA:22,2
DA:24,2
DA:26,2
DA:28,2
DA:30,2
DA:32,2
DA:34,2
DA:36,2
DA:38,2
DA:40,12
DA:42,32
DA:44,1
DA:46,1
DA:48,2
DA:50,2
DA:51,2
DA:54,1
DA:56,1
DA:59,2
DA:62,1
DA:63,1
DA:64,1
DA:66,1
DA:89,2
DA:92,2
DA:98,2
DA:99,0
DA:105,2
LF:37
LH:36
BRDA:8,0,0,2
BRDA:8,0,1,2
BRDA:8,1,0,2
BRDA:8,1,1,0
BRDA:8,2,0,2
BRDA:8,2,1,0
BRDA:8,3,0,0
BRDA:8,3,1,2
BRDA:40,4,0,12
BRDA:40,4,1,0
BRDA:40,5,0,12
BRDA:40,5,1,12
BRDA:42,6,0,0
BRDA:42,6,1,2
BRDA:42,7,0,2
BRDA:42,7,1,2
BRDA:42,8,0,2
BRDA:42,8,1,0
BRDA:42,9,0,32
BRDA:42,9,1,0
BRDA:44,10,0,0
BRDA:44,10,1,1
BRDA:46,11,0,0
BRDA:46,11,1,1
BRDA:46,12,0,0
BRDA:46,12,1,1
BRDA:46,13,0,1
BRDA:46,13,1,0
BRDA:46,13,2,0
BRDA:48,14,0,0
BRDA:48,14,1,2
BRDA:48,15,0,2
BRDA:48,15,1,0
BRDA:48,16,0,2
BRDA:48,16,1,2
BRDA:48,17,0,2
BRDA:48,17,1,0
BRDA:48,18,0,2
BRDA:48,18,1,0
BRDA:56,19,0,1
BRDA:56,19,1,0
BRDA:73,20,0,0
BRDA:73,20,1,1
BRDA:77,21,0,0
BRDA:77,21,1,1
BRF:45
BRH:26
end_of_record
TN:
SF:D:\ReactMentoring\task_5\ReactMentoring\lib\client\containers\MoviePage.js
FN:8,(anonymous_0)
FN:8,defineProperties
FN:8,(anonymous_2)
FN:42,_interopRequireDefault
FN:44,_interopRequireWildcard
FN:46,_classCallCheck
FN:48,_possibleConstructorReturn
FN:50,_inherits
FN:52,(anonymous_8)
FN:55,MoviePage
FN:63,componentWillMount
FN:71,render
FN:87,fetchData
FN:95,mapStateToProps
FN:102,mapDispatchToProps
FNF:15
FNH:12
FNDA:2,(anonymous_0)
FNDA:4,defineProperties
FNDA:2,(anonymous_2)
FNDA:10,_interopRequireDefault
FNDA:2,_interopRequireWildcard
FNDA:1,_classCallCheck
FNDA:1,_possibleConstructorReturn
FNDA:2,_inherits
FNDA:2,(anonymous_8)
FNDA:1,MoviePage
FNDA:1,componentWillMount
FNDA:1,render
FNDA:0,fetchData
FNDA:0,mapStateToProps
FNDA:0,mapDispatchToProps
DA:3,2
DA:6,2
DA:8,6
DA:10,2
DA:12,2
DA:14,2
DA:16,2
DA:18,2
DA:20,2
DA:22,2
DA:24,2
DA:26,2
DA:28,2
DA:30,2
DA:32,2
DA:34,2
DA:36,2
DA:38,2
DA:40,2
DA:42,10
DA:44,32
DA:46,1
DA:48,1
DA:50,2
DA:52,2
DA:53,2
DA:56,1
DA:58,1
DA:61,2
DA:64,1
DA:65,1
DA:66,1
DA:72,1
DA:88,0
DA:92,2
DA:95,2
DA:96,0
DA:97,0
DA:102,2
DA:103,0
DA:108,2
LF:41
LH:37
BRDA:8,0,0,6
BRDA:8,0,1,6
BRDA:8,1,0,6
BRDA:8,1,1,0
BRDA:8,2,0,2
BRDA:8,2,1,0
BRDA:8,3,0,2
BRDA:8,3,1,0
BRDA:42,4,0,10
BRDA:42,4,1,0
BRDA:42,5,0,10
BRDA:42,5,1,10
BRDA:44,6,0,0
BRDA:44,6,1,2
BRDA:44,7,0,2
BRDA:44,7,1,2
BRDA:44,8,0,2
BRDA:44,8,1,0
BRDA:44,9,0,32
BRDA:44,9,1,0
BRDA:46,10,0,0
BRDA:46,10,1,1
BRDA:48,11,0,0
BRDA:48,11,1,1
BRDA:48,12,0,0
BRDA:48,12,1,1
BRDA:48,13,0,1
BRDA:48,13,1,0
BRDA:48,13,2,0
BRDA:50,14,0,0
BRDA:50,14,1,2
BRDA:50,15,0,2
BRDA:50,15,1,0
BRDA:50,16,0,2
BRDA:50,16,1,2
BRDA:50,17,0,2
BRDA:50,17,1,0
BRDA:50,18,0,2
BRDA:50,18,1,0
BRDA:58,19,0,1
BRDA:58,19,1,0
BRDA:65,20,0,1
BRDA:65,20,1,0
BRF:43
BRH:25
end_of_record
TN:
SF:D:\ReactMentoring\task_5\ReactMentoring\lib\client\containers\NotFoundPage.js
FN:27,_interopRequireDefault
FN:29,NotFoundPage
FNF:2
FNH:2
FNDA:10,_interopRequireDefault
FNDA:1,NotFoundPage
DA:3,2
DA:7,2
DA:9,2
DA:11,2
DA:13,2
DA:15,2
DA:17,2
DA:19,2
DA:21,2
DA:23,2
DA:25,2
DA:27,10
DA:29,2
DA:30,1
DA:43,2
LF:15
LH:15
BRDA:27,0,0,8
BRDA:27,0,1,2
BRDA:27,1,0,10
BRDA:27,1,1,10
BRF:4
BRH:4
end_of_record
TN:
SF:D:\ReactMentoring\task_5\ReactMentoring\lib\client\reducers\gallery.js
FN:7,(anonymous_0)
FN:11,(anonymous_1)
FNF:2
FNH:1
FNDA:0,(anonymous_0)
FNDA:10,(anonymous_1)
DA:3,1
DA:7,1
DA:9,1
DA:11,1
DA:12,10
DA:13,10
DA:15,10
DA:17,1
DA:21,1
DA:27,1
DA:32,1
DA:36,2
DA:40,2
DA:44,1
DA:49,1
LF:15
LH:15
BRDA:7,0,0,1
BRDA:7,0,1,0
BRDA:7,1,0,0
BRDA:7,1,1,0
BRDA:12,2,0,9
BRDA:12,2,1,1
BRDA:12,3,0,10
BRDA:12,3,1,10
BRDA:13,4,0,10
BRDA:13,4,1,0
BRDA:13,5,0,10
BRDA:13,5,1,10
BRDA:15,6,0,1
BRDA:15,6,1,1
BRDA:15,6,2,1
BRDA:15,6,3,1
BRDA:15,6,4,2
BRDA:15,6,5,2
BRDA:15,6,6,1
BRDA:15,6,7,1
BRF:20
BRH:16
end_of_record
TN:
SF:D:\ReactMentoring\task_5\ReactMentoring\src\client\app.jsx
FN:8,(anonymous_0)
FNF:1
FNH:1
FNDA:1,(anonymous_0)
DA:8,1
DA:9,1
LF:2
LH:2
BRF:0
BRH:0
end_of_record
TN:
SF:D:\ReactMentoring\task_5\ReactMentoring\src\client\routes.js
FNF:0
FNH:0
LF:0
LH:0
BRF:0
BRH:0
end_of_record
TN:
SF:D:\ReactMentoring\task_5\ReactMentoring\src\client\actions\index.js
FN:21,(anonymous_0)
FN:25,(anonymous_1)
FN:30,(anonymous_2)
FN:35,(anonymous_3)
FN:40,(anonymous_4)
FN:45,(anonymous_5)
FN:50,(anonymous_6)
FN:55,(anonymous_7)
FN:60,(anonymous_8)
FN:60,(anonymous_9)
FN:64,(anonymous_10)
FN:65,(anonymous_11)
FN:68,(anonymous_12)
FN:68,(anonymous_13)
FN:71,(anonymous_14)
FN:72,(anonymous_15)
FN:75,(anonymous_16)
FN:75,(anonymous_17)
FN:79,(anonymous_18)
FN:80,(anonymous_19)
FNF:20
FNH:20
FNDA:2,(anonymous_0)
FNDA:1,(anonymous_1)
FNDA:2,(anonymous_2)
FNDA:2,(anonymous_3)
FNDA:1,(anonymous_4)
FNDA:1,(anonymous_5)
FNDA:1,(anonymous_6)
FNDA:2,(anonymous_7)
FNDA:1,(anonymous_8)
FNDA:1,(anonymous_9)
FNDA:1,(anonymous_10)
FNDA:1,(anonymous_11)
FNDA:2,(anonymous_12)
FNDA:1,(anonymous_13)
FNDA:1,(anonymous_14)
FNDA:1,(anonymous_15)
FNDA:2,(anonymous_16)
FNDA:1,(anonymous_17)
FNDA:1,(anonymous_18)
FNDA:1,(anonymous_19)
DA:1,12
DA:2,12
DA:3,12
DA:4,12
DA:5,12
DA:6,12
DA:7,12
DA:8,12
DA:10,12
DA:21,12
DA:25,12
DA:30,12
DA:35,12
DA:40,12
DA:45,12
DA:50,12
DA:55,12
DA:60,12
DA:61,1
DA:62,1
DA:63,1
DA:64,1
DA:65,1
DA:68,12
DA:69,1
DA:70,1
DA:71,1
DA:72,1
DA:75,12
DA:76,1
DA:77,1
DA:78,1
DA:79,1
DA:80,1
LF:34
LH:34
BRDA:60,0,0,0
BRF:1
BRH:0
end_of_record
TN:
SF:D:\ReactMentoring\task_5\ReactMentoring\src\client\components\EmptySearchResult.jsx
FN:3,(anonymous_0)
FNF:1
FNH:1
FNDA:1,(anonymous_0)
DA:3,3
DA:4,1
LF:2
LH:2
BRF:0
BRH:0
end_of_record
TN:
SF:D:\ReactMentoring\task_5\ReactMentoring\src\client\components\ErrorBoundary.jsx
FN:4,(anonymous_0)
FN:9,(anonymous_1)
FN:16,(anonymous_2)
FNF:3
FNH:2
FNDA:1,(anonymous_0)
FNDA:0,(anonymous_1)
FNDA:1,(anonymous_2)
DA:5,1
DA:6,1
DA:10,0
DA:17,1
DA:18,0
DA:29,1
LF:6
LH:4
BRDA:17,0,0,0
BRDA:17,0,1,1
BRDA:22,1,0,0
BRDA:22,1,1,0
BRF:4
BRH:1
end_of_record
TN:
SF:D:\ReactMentoring\task_5\ReactMentoring\src\client\components\Footer.jsx
FN:3,(anonymous_0)
FNF:1
FNH:1
FNDA:1,(anonymous_0)
DA:3,5
DA:4,1
LF:2
LH:2
BRF:0
BRH:0
end_of_record
TN:
SF:D:\ReactMentoring\task_5\ReactMentoring\src\client\components\Header.jsx
FN:3,(anonymous_0)
FNF:1
FNH:1
FNDA:1,(anonymous_0)
DA:3,7
DA:4,1
LF:2
LH:2
BRF:0
BRH:0
end_of_record
TN:
SF:D:\ReactMentoring\task_5\ReactMentoring\src\client\components\Movie.jsx
FN:22,(anonymous_0)
FN:28,(anonymous_1)
FN:33,(anonymous_2)
FN:78,(anonymous_3)
FNF:4
FNH:2
FNDA:1,(anonymous_0)
FNDA:0,(anonymous_1)
FNDA:1,(anonymous_2)
FNDA:0,(anonymous_3)
DA:23,1
DA:25,1
DA:29,0
DA:30,0
DA:34,1
DA:35,1
DA:78,6
LF:7
LH:5
BRF:0
BRH:0
end_of_record
TN:
SF:D:\ReactMentoring\task_5\ReactMentoring\src\client\components\MovieInfo.jsx
FN:19,(anonymous_0)
FN:104,(anonymous_1)
FNF:2
FNH:1
FNDA:1,(anonymous_0)
FNDA:0,(anonymous_1)
DA:20,1
DA:21,1
DA:104,3
LF:3
LH:3
BRF:0
BRH:0
end_of_record
TN:
SF:D:\ReactMentoring\task_5\ReactMentoring\src\client\components\MovieList.jsx
FN:15,(anonymous_0)
FN:19,(anonymous_1)
FN:37,(anonymous_2)
FNF:3
FNH:1
FNDA:1,(anonymous_0)
FNDA:0,(anonymous_1)
FNDA:0,(anonymous_2)
DA:16,1
DA:17,1
DA:20,0
DA:37,3
LF:4
LH:3
BRF:0
BRH:0
end_of_record
TN:
SF:D:\ReactMentoring\task_5\ReactMentoring\src\client\components\NotFound.jsx
FN:3,(anonymous_0)
FNF:1
FNH:1
FNDA:1,(anonymous_0)
DA:3,3
DA:4,1
LF:2
LH:2
BRF:0
BRH:0
end_of_record
TN:
SF:D:\ReactMentoring\task_5\ReactMentoring\src\client\components\ProposeByGenre.jsx
FN:12,(anonymous_0)
FN:33,(anonymous_1)
FNF:2
FNH:1
FNDA:1,(anonymous_0)
FNDA:0,(anonymous_1)
DA:13,1
DA:33,3
LF:2
LH:2
BRDA:16,0,0,1
BRDA:16,0,1,0
BRF:2
BRH:1
end_of_record
TN:
SF:D:\ReactMentoring\task_5\ReactMentoring\src\client\components\RelatedMovies.jsx
FN:15,(anonymous_0)
FN:19,(anonymous_1)
FN:38,(anonymous_2)
FNF:3
FNH:2
FNDA:1,(anonymous_0)
FNDA:3,(anonymous_1)
FNDA:0,(anonymous_2)
DA:16,1
DA:17,1
DA:20,3
DA:38,3
LF:4
LH:4
BRF:0
BRH:0
end_of_record
TN:
SF:D:\ReactMentoring\task_5\ReactMentoring\src\client\components\ResultsSort.jsx
FN:15,(anonymous_0)
FN:21,(anonymous_1)
FN:25,(anonymous_2)
FN:79,(anonymous_3)
FN:84,(anonymous_4)
FNF:5
FNH:2
FNDA:1,(anonymous_0)
FNDA:0,(anonymous_1)
FNDA:1,(anonymous_2)
FNDA:0,(anonymous_3)
FNDA:0,(anonymous_4)
DA:16,1
DA:17,1
DA:22,0
DA:26,1
DA:79,3
DA:84,3
LF:6
LH:5
BRDA:32,0,0,0
BRDA:32,0,1,1
BRDA:39,1,0,0
BRDA:39,1,1,1
BRF:4
BRH:2
end_of_record
TN:
SF:D:\ReactMentoring\task_5\ReactMentoring\src\client\components\SearchBlock.jsx
FN:19,(anonymous_0)
FN:26,(anonymous_1)
FN:30,(anonymous_2)
FN:38,(anonymous_3)
FN:97,(anonymous_4)
FN:102,(anonymous_5)
FNF:6
FNH:2
FNDA:1,(anonymous_0)
FNDA:0,(anonymous_1)
FNDA:0,(anonymous_2)
FNDA:1,(anonymous_3)
FNDA:0,(anonymous_4)
FNDA:0,(anonymous_5)
DA:20,1
DA:22,1
DA:23,1
DA:27,0
DA:31,0
DA:32,0
DA:33,0
DA:35,0
DA:39,1
DA:97,3
DA:102,3
LF:11
LH:6
BRDA:32,0,0,0
BRDA:32,0,1,0
BRF:2
BRH:0
end_of_record
TN:
SF:D:\ReactMentoring\task_5\ReactMentoring\src\client\components\SearchByButtons.jsx
FN:14,(anonymous_0)
FN:19,(anonymous_1)
FN:23,(anonymous_2)
FN:49,(anonymous_3)
FN:53,(anonymous_4)
FNF:5
FNH:2
FNDA:1,(anonymous_0)
FNDA:0,(anonymous_1)
FNDA:1,(anonymous_2)
FNDA:0,(anonymous_3)
FNDA:0,(anonymous_4)
DA:15,1
DA:16,1
DA:20,0
DA:24,1
DA:49,4
DA:53,4
LF:6
LH:5
BRDA:27,0,0,0
BRDA:27,0,1,1
BRDA:28,1,0,0
BRDA:28,1,1,1
BRF:4
BRH:2
end_of_record
TN:
SF:D:\ReactMentoring\task_5\ReactMentoring\src\client\containers\HomePage.jsx
FN:23,(anonymous_0)
FN:45,(anonymous_1)
FNF:2
FNH:1
FNDA:1,(anonymous_0)
FNDA:0,(anonymous_1)
DA:24,1
DA:25,1
DA:45,2
LF:3
LH:3
BRDA:29,0,0,0
BRDA:29,0,1,1
BRDA:31,1,0,0
BRDA:31,1,1,1
BRF:4
BRH:2
end_of_record
TN:
SF:D:\ReactMentoring\task_5\ReactMentoring\src\client\containers\MoviePage.jsx
FN:29,(anonymous_0)
FN:33,(anonymous_1)
FN:38,(anonymous_2)
FN:52,(anonymous_3)
FN:56,(anonymous_4)
FNF:5
FNH:2
FNDA:0,(anonymous_0)
FNDA:1,(anonymous_1)
FNDA:1,(anonymous_2)
FNDA:0,(anonymous_3)
FNDA:0,(anonymous_4)
DA:30,0
DA:34,1
DA:35,1
DA:39,1
DA:52,2
DA:56,2
LF:6
LH:5
BRDA:35,0,0,1
BRDA:35,0,1,0
BRF:2
BRH:1
end_of_record
TN:
SF:D:\ReactMentoring\task_5\ReactMentoring\src\client\containers\NotFoundPage.jsx
FN:8,(anonymous_0)
FNF:1
FNH:1
FNDA:1,(anonymous_0)
DA:8,2
DA:9,1
LF:2
LH:2
BRF:0
BRH:0
end_of_record
TN:
SF:D:\ReactMentoring\task_5\ReactMentoring\src\client\reducers\gallery.js
FN:12,(anonymous_0)
FNF:1
FNH:1
FNDA:10,(anonymous_0)
DA:13,10
DA:15,1
DA:20,1
DA:27,1
DA:33,1
DA:38,2
DA:43,2
DA:48,1
DA:54,1
LF:9
LH:9
BRDA:12,0,0,1
BRDA:12,1,0,0
BRDA:13,2,0,1
BRDA:13,2,1,1
BRDA:13,2,2,1
BRDA:13,2,3,1
BRDA:13,2,4,2
BRDA:13,2,5,2
BRDA:13,2,6,1
BRDA:13,2,7,1
BRF:10
BRH:9
end_of_record
TN:
SF:D:\ReactMentoring\task_5\ReactMentoring\test\jestsetup.js
FNF:0
FNH:0
DA:4,40
DA:6,40
DA:7,40
DA:8,40
LF:4
LH:4
BRF:0
BRH:0
end_of_record
TN:
SF:D:\ReactMentoring\task_5\ReactMentoring\test\moviesArr.js
FNF:0
FNH:0
DA:1,16
LF:1
LH:1
BRF:0
BRH:0
end_of_record
