TN:
SF:D:\ReactMentoring\task_5\ReactMentoring\src\client\app.jsx
FN:8,(anonymous_0)
FNF:1
FNH:1
FNDA:1,(anonymous_0)
DA:8,1
DA:9,1
LF:2
LH:2
BRF:0
BRH:0
end_of_record
TN:
SF:D:\ReactMentoring\task_5\ReactMentoring\src\client\routes.js
FNF:0
FNH:0
LF:0
LH:0
BRF:0
BRH:0
end_of_record
TN:
SF:D:\ReactMentoring\task_5\ReactMentoring\src\client\actions\index.js
FN:10,(anonymous_0)
FN:14,(anonymous_1)
FN:19,(anonymous_2)
FN:24,(anonymous_3)
FN:29,(anonymous_4)
FN:34,(anonymous_5)
FN:39,(anonymous_6)
FN:44,(anonymous_7)
FN:49,(anonymous_8)
FN:49,(anonymous_9)
FN:53,(anonymous_10)
FN:54,(anonymous_11)
FN:57,(anonymous_12)
FN:57,(anonymous_13)
FN:60,(anonymous_14)
FN:61,(anonymous_15)
FN:64,(anonymous_16)
FN:64,(anonymous_17)
FN:68,(anonymous_18)
FN:69,(anonymous_19)
FNF:20
FNH:2
FNDA:0,(anonymous_0)
FNDA:0,(anonymous_1)
FNDA:0,(anonymous_2)
FNDA:0,(anonymous_3)
FNDA:0,(anonymous_4)
FNDA:0,(anonymous_5)
FNDA:0,(anonymous_6)
FNDA:0,(anonymous_7)
FNDA:0,(anonymous_8)
FNDA:0,(anonymous_9)
FNDA:0,(anonymous_10)
FNDA:0,(anonymous_11)
FNDA:1,(anonymous_12)
FNDA:0,(anonymous_13)
FNDA:0,(anonymous_14)
FNDA:0,(anonymous_15)
FNDA:1,(anonymous_16)
FNDA:0,(anonymous_17)
FNDA:0,(anonymous_18)
FNDA:0,(anonymous_19)
DA:1,9
DA:2,9
DA:3,9
DA:4,9
DA:5,9
DA:6,9
DA:7,9
DA:8,9
DA:10,9
DA:14,9
DA:19,9
DA:24,9
DA:29,9
DA:34,9
DA:39,9
DA:44,9
DA:49,9
DA:50,0
DA:51,0
DA:52,0
DA:53,0
DA:54,0
DA:57,9
DA:58,0
DA:59,0
DA:60,0
DA:61,0
DA:64,9
DA:65,0
DA:66,0
DA:67,0
DA:68,0
DA:69,0
LF:33
LH:19
BRDA:49,0,0,0
BRF:1
BRH:0
end_of_record
TN:
SF:D:\ReactMentoring\task_5\ReactMentoring\src\client\components\EmptySearchResult.jsx
FN:3,(anonymous_0)
FNF:1
FNH:1
FNDA:1,(anonymous_0)
DA:3,3
DA:4,1
LF:2
LH:2
BRF:0
BRH:0
end_of_record
TN:
SF:D:\ReactMentoring\task_5\ReactMentoring\src\client\components\ErrorBoundary.jsx
FN:4,(anonymous_0)
FN:9,(anonymous_1)
FN:16,(anonymous_2)
FNF:3
FNH:2
FNDA:1,(anonymous_0)
FNDA:0,(anonymous_1)
FNDA:1,(anonymous_2)
DA:5,1
DA:6,1
DA:10,0
DA:17,1
DA:18,0
DA:29,1
LF:6
LH:4
BRDA:17,0,0,0
BRDA:17,0,1,1
BRDA:22,1,0,0
BRDA:22,1,1,0
BRF:4
BRH:1
end_of_record
TN:
SF:D:\ReactMentoring\task_5\ReactMentoring\src\client\components\Footer.jsx
FN:3,(anonymous_0)
FNF:1
FNH:1
FNDA:1,(anonymous_0)
DA:3,5
DA:4,1
LF:2
LH:2
BRF:0
BRH:0
end_of_record
TN:
SF:D:\ReactMentoring\task_5\ReactMentoring\src\client\components\Header.jsx
FN:3,(anonymous_0)
FNF:1
FNH:1
FNDA:1,(anonymous_0)
DA:3,7
DA:4,1
LF:2
LH:2
BRF:0
BRH:0
end_of_record
TN:
SF:D:\ReactMentoring\task_5\ReactMentoring\src\client\components\Movie.jsx
FN:22,(anonymous_0)
FN:28,(anonymous_1)
FN:33,(anonymous_2)
FN:79,(anonymous_3)
FNF:4
FNH:2
FNDA:1,(anonymous_0)
FNDA:0,(anonymous_1)
FNDA:1,(anonymous_2)
FNDA:0,(anonymous_3)
DA:23,1
DA:25,1
DA:29,0
DA:30,0
DA:34,1
DA:35,1
DA:79,6
LF:7
LH:5
BRF:0
BRH:0
end_of_record
TN:
SF:D:\ReactMentoring\task_5\ReactMentoring\src\client\components\MovieInfo.jsx
FN:19,(anonymous_0)
FN:104,(anonymous_1)
FNF:2
FNH:1
FNDA:1,(anonymous_0)
FNDA:0,(anonymous_1)
DA:20,1
DA:21,1
DA:104,3
LF:3
LH:3
BRF:0
BRH:0
end_of_record
TN:
SF:D:\ReactMentoring\task_5\ReactMentoring\src\client\components\MovieList.jsx
FN:15,(anonymous_0)
FN:19,(anonymous_1)
FN:37,(anonymous_2)
FNF:3
FNH:1
FNDA:1,(anonymous_0)
FNDA:0,(anonymous_1)
FNDA:0,(anonymous_2)
DA:16,1
DA:17,1
DA:20,0
DA:37,3
LF:4
LH:3
BRF:0
BRH:0
end_of_record
TN:
SF:D:\ReactMentoring\task_5\ReactMentoring\src\client\components\NotFound.jsx
FN:3,(anonymous_0)
FNF:1
FNH:1
FNDA:1,(anonymous_0)
DA:3,3
DA:4,1
LF:2
LH:2
BRF:0
BRH:0
end_of_record
TN:
SF:D:\ReactMentoring\task_5\ReactMentoring\src\client\components\ProposeByGenre.jsx
FN:12,(anonymous_0)
FN:33,(anonymous_1)
FNF:2
FNH:1
FNDA:1,(anonymous_0)
FNDA:0,(anonymous_1)
DA:13,1
DA:33,3
LF:2
LH:2
BRDA:16,0,0,1
BRDA:16,0,1,0
BRF:2
BRH:1
end_of_record
TN:
SF:D:\ReactMentoring\task_5\ReactMentoring\src\client\components\RelatedMovies.jsx
FN:15,(anonymous_0)
FN:19,(anonymous_1)
FN:38,(anonymous_2)
FNF:3
FNH:2
FNDA:1,(anonymous_0)
FNDA:12,(anonymous_1)
FNDA:0,(anonymous_2)
DA:16,1
DA:17,1
DA:20,12
DA:38,3
LF:4
LH:4
BRF:0
BRH:0
end_of_record
TN:
SF:D:\ReactMentoring\task_5\ReactMentoring\src\client\components\ResultsSort.jsx
FN:15,(anonymous_0)
FN:21,(anonymous_1)
FN:25,(anonymous_2)
FN:79,(anonymous_3)
FN:84,(anonymous_4)
FNF:5
FNH:2
FNDA:1,(anonymous_0)
FNDA:0,(anonymous_1)
FNDA:1,(anonymous_2)
FNDA:0,(anonymous_3)
FNDA:0,(anonymous_4)
DA:16,1
DA:17,1
DA:22,0
DA:26,1
DA:79,3
DA:84,3
LF:6
LH:5
BRDA:32,0,0,0
BRDA:32,0,1,1
BRDA:39,1,0,0
BRDA:39,1,1,1
BRF:4
BRH:2
end_of_record
TN:
SF:D:\ReactMentoring\task_5\ReactMentoring\src\client\components\SearchBlock.jsx
FN:19,(anonymous_0)
FN:26,(anonymous_1)
FN:30,(anonymous_2)
FN:38,(anonymous_3)
FN:97,(anonymous_4)
FN:102,(anonymous_5)
FNF:6
FNH:2
FNDA:1,(anonymous_0)
FNDA:0,(anonymous_1)
FNDA:0,(anonymous_2)
FNDA:1,(anonymous_3)
FNDA:0,(anonymous_4)
FNDA:0,(anonymous_5)
DA:20,1
DA:22,1
DA:23,1
DA:27,0
DA:31,0
DA:32,0
DA:33,0
DA:35,0
DA:39,1
DA:97,3
DA:102,3
LF:11
LH:6
BRDA:32,0,0,0
BRDA:32,0,1,0
BRF:2
BRH:0
end_of_record
TN:
SF:D:\ReactMentoring\task_5\ReactMentoring\src\client\components\SearchByButtons.jsx
FN:14,(anonymous_0)
FN:19,(anonymous_1)
FN:23,(anonymous_2)
FN:49,(anonymous_3)
FN:53,(anonymous_4)
FNF:5
FNH:2
FNDA:1,(anonymous_0)
FNDA:0,(anonymous_1)
FNDA:1,(anonymous_2)
FNDA:0,(anonymous_3)
FNDA:0,(anonymous_4)
DA:15,1
DA:16,1
DA:20,0
DA:24,1
DA:49,4
DA:53,4
LF:6
LH:5
BRDA:27,0,0,0
BRDA:27,0,1,1
BRDA:28,1,0,0
BRDA:28,1,1,1
BRF:4
BRH:2
end_of_record
TN:
SF:D:\ReactMentoring\task_5\ReactMentoring\src\client\containers\HomePage.jsx
FN:23,(anonymous_0)
FN:45,(anonymous_1)
FNF:2
FNH:1
FNDA:1,(anonymous_0)
FNDA:0,(anonymous_1)
DA:24,1
DA:25,1
DA:45,2
LF:3
LH:3
BRDA:29,0,0,0
BRDA:29,0,1,1
BRDA:31,1,0,0
BRDA:31,1,1,1
BRF:4
BRH:2
end_of_record
TN:
SF:D:\ReactMentoring\task_5\ReactMentoring\src\client\containers\MoviePage.jsx
FN:29,(anonymous_0)
FN:33,(anonymous_1)
FN:38,(anonymous_2)
FN:52,(anonymous_3)
FN:56,(anonymous_4)
FNF:5
FNH:2
FNDA:0,(anonymous_0)
FNDA:1,(anonymous_1)
FNDA:1,(anonymous_2)
FNDA:0,(anonymous_3)
FNDA:0,(anonymous_4)
DA:30,0
DA:34,1
DA:35,1
DA:39,1
DA:52,2
DA:56,2
LF:6
LH:5
BRDA:35,0,0,1
BRDA:35,0,1,0
BRF:2
BRH:1
end_of_record
TN:
SF:D:\ReactMentoring\task_5\ReactMentoring\src\client\containers\NotFoundPage.jsx
FN:8,(anonymous_0)
FNF:1
FNH:1
FNDA:1,(anonymous_0)
DA:8,2
DA:9,1
LF:2
LH:2
BRF:0
BRH:0
end_of_record
TN:
SF:D:\ReactMentoring\task_5\ReactMentoring\test\jestsetup.js
FNF:0
FNH:0
DA:4,17
DA:6,17
DA:7,17
DA:8,17
LF:4
LH:4
BRF:0
BRH:0
end_of_record
TN:
SF:D:\ReactMentoring\task_5\ReactMentoring\test\moviesArr.js
FNF:0
FNH:0
DA:1,5
LF:1
LH:1
BRF:0
BRH:0
end_of_record
